-----------------------------------------------------------
Server listening on 5201
-----------------------------------------------------------
Accepted connection from 192.168.50.88, port 54302
[  5] local 192.168.50.46 port 5201 connected to 192.168.50.88 port 53601
[ ID] Interval           Transfer     Bandwidth       Jitter    Lost/Total Datagrams
[  5]   0.00-0.10   sec   665 KBytes  54.4 Mbits/sec  0.060 ms  0/470 (0%)  
[  5]   0.10-0.20   sec  1.34 MBytes   112 Mbits/sec  0.083 ms  0/970 (0%)  
[  5]   0.20-0.30   sec  1.45 MBytes   121 Mbits/sec  0.064 ms  0/1047 (0%)  
[  5]   0.30-0.40   sec  1.78 MBytes   150 Mbits/sec  0.052 ms  0/1292 (0%)  
[  5]   0.40-0.50   sec  1.82 MBytes   153 Mbits/sec  0.164 ms  0/1320 (0%)  
[  5]   0.50-0.60   sec  2.86 MBytes   240 Mbits/sec  0.029 ms  0/2074 (0%)  
[  5]   0.60-0.70   sec  2.17 MBytes   182 Mbits/sec  0.039 ms  0/1569 (0%)  
[  5]   0.70-0.80   sec  1.71 MBytes   143 Mbits/sec  0.231 ms  0/1236 (0%)  
[  5]   0.80-0.90   sec  2.23 MBytes   187 Mbits/sec  0.406 ms  0/1613 (0%)  
[  5]   0.90-1.00   sec  1.39 MBytes   116 Mbits/sec  0.147 ms  0/1004 (0%)  
[  5]   1.00-1.10   sec  2.60 MBytes   218 Mbits/sec  0.012 ms  0/1883 (0%)  
[  5]   1.10-1.20   sec  3.11 MBytes   260 Mbits/sec  0.050 ms  0/2250 (0%)  
[  5]   1.20-1.30   sec  2.99 MBytes   251 Mbits/sec  0.026 ms  0/2167 (0%)  
[  5]   1.30-1.40   sec  2.74 MBytes   230 Mbits/sec  0.038 ms  0/1981 (0%)  
[  5]   1.40-1.50   sec  2.66 MBytes   223 Mbits/sec  0.038 ms  0/1926 (0%)  
[  5]   1.50-1.60   sec  3.11 MBytes   261 Mbits/sec  0.083 ms  0/2254 (0%)  
[  5]   1.60-1.70   sec  2.63 MBytes   221 Mbits/sec  0.055 ms  0/1904 (0%)  
[  5]   1.70-1.80   sec  3.04 MBytes   255 Mbits/sec  0.019 ms  0/2204 (0%)  
[  5]   1.80-1.90   sec  2.86 MBytes   240 Mbits/sec  0.105 ms  0/2072 (0%)  
[  5]   1.90-2.00   sec  2.54 MBytes   212 Mbits/sec  0.065 ms  0/1836 (0%)  
[  5]   2.00-2.10   sec  2.62 MBytes   220 Mbits/sec  0.085 ms  0/1898 (0%)  
[  5]   2.10-2.20   sec  2.34 MBytes   196 Mbits/sec  0.345 ms  0/1693 (0%)  
[  5]   2.20-2.30   sec  2.34 MBytes   196 Mbits/sec  0.212 ms  0/1693 (0%)  
[  5]   2.30-2.40   sec  2.54 MBytes   213 Mbits/sec  0.034 ms  0/1841 (0%)  
[  5]   2.40-2.50   sec  2.01 MBytes   168 Mbits/sec  0.059 ms  0/1452 (0%)  
[  5]   2.50-2.60   sec  2.13 MBytes   179 Mbits/sec  0.036 ms  0/1540 (0%)  
[  5]   2.60-2.70   sec  2.63 MBytes   221 Mbits/sec  0.097 ms  0/1905 (0%)  
[  5]   2.70-2.80   sec  3.13 MBytes   262 Mbits/sec  0.027 ms  0/2264 (0%)  
[  5]   2.80-2.90   sec  2.66 MBytes   223 Mbits/sec  0.163 ms  0/1929 (0%)  
[  5]   2.90-3.00   sec  3.12 MBytes   261 Mbits/sec  0.108 ms  0/2256 (0%)  
[  5]   3.00-3.10   sec  3.24 MBytes   271 Mbits/sec  0.126 ms  0/2345 (0%)  
[  5]   3.10-3.20   sec  3.25 MBytes   272 Mbits/sec  0.022 ms  0/2352 (0%)  
[  5]   3.20-3.30   sec  3.24 MBytes   272 Mbits/sec  0.044 ms  0/2343 (0%)  
[  5]   3.30-3.40   sec  3.01 MBytes   252 Mbits/sec  0.060 ms  0/2178 (0%)  
[  5]   3.40-3.50   sec  3.09 MBytes   259 Mbits/sec  0.021 ms  0/2235 (0%)  
[  5]   3.50-3.60   sec  3.13 MBytes   263 Mbits/sec  0.107 ms  0/2269 (0%)  
[  5]   3.60-3.70   sec  3.11 MBytes   261 Mbits/sec  0.039 ms  0/2252 (0%)  
[  5]   3.70-3.80   sec  3.07 MBytes   258 Mbits/sec  0.066 ms  0/2225 (0%)  
[  5]   3.80-3.90   sec  2.73 MBytes   229 Mbits/sec  0.026 ms  0/1975 (0%)  
[  5]   3.90-4.00   sec  2.93 MBytes   246 Mbits/sec  0.048 ms  0/2124 (0%)  
[  5]   4.00-4.10   sec  2.40 MBytes   201 Mbits/sec  0.047 ms  0/1736 (0%)  
[  5]   4.10-4.20   sec  3.01 MBytes   252 Mbits/sec  0.050 ms  0/2178 (0%)  
[  5]   4.20-4.30   sec  2.71 MBytes   228 Mbits/sec  0.045 ms  0/1964 (0%)  
[  5]   4.30-4.40   sec  2.41 MBytes   202 Mbits/sec  0.075 ms  0/1747 (0%)  
[  5]   4.40-4.50   sec  2.31 MBytes   194 Mbits/sec  0.065 ms  0/1673 (0%)  
[  5]   4.50-4.60   sec  2.08 MBytes   174 Mbits/sec  0.042 ms  0/1504 (0%)  
[  5]   4.60-4.70   sec  2.13 MBytes   178 Mbits/sec  0.021 ms  0/1539 (0%)  
[  5]   4.70-4.80   sec  3.05 MBytes   256 Mbits/sec  0.065 ms  0/2209 (0%)  
[  5]   4.80-4.90   sec  1.90 MBytes   159 Mbits/sec  0.124 ms  0/1374 (0%)  
[  5]   4.90-5.00   sec  1.95 MBytes   164 Mbits/sec  0.042 ms  0/1411 (0%)  
[  5]   5.00-5.10   sec  1.05 MBytes  87.7 Mbits/sec  0.149 ms  0/757 (0%)  
[  5]   5.10-5.20   sec  1.80 MBytes   151 Mbits/sec  0.289 ms  0/1305 (0%)  
[  5]   5.20-5.30   sec  1.82 MBytes   152 Mbits/sec  0.059 ms  0/1315 (0%)  
[  5]   5.30-5.40   sec  1.33 MBytes   111 Mbits/sec  0.094 ms  0/960 (0%)  
[  5]   5.40-5.50   sec  1.75 MBytes   147 Mbits/sec  0.116 ms  0/1269 (0%)  
[  5]   5.50-5.60   sec  2.27 MBytes   190 Mbits/sec  0.087 ms  0/1645 (0%)  
[  5]   5.60-5.70   sec  1.19 MBytes   100 Mbits/sec  0.072 ms  0/864 (0%)  
[  5]   5.70-5.80   sec  1.68 MBytes   141 Mbits/sec  0.060 ms  0/1214 (0%)  
[  5]   5.80-5.90   sec  1.71 MBytes   143 Mbits/sec  0.043 ms  0/1237 (0%)  
[  5]   5.90-6.00   sec  1.59 MBytes   133 Mbits/sec  0.076 ms  0/1153 (0%)  
[  5]   6.00-6.10   sec  1.51 MBytes   127 Mbits/sec  0.553 ms  0/1096 (0%)  
[  5]   6.10-6.20   sec  1.22 MBytes   102 Mbits/sec  0.144 ms  0/881 (0%)  
[  5]   6.20-6.30   sec  1.39 MBytes   117 Mbits/sec  0.176 ms  0/1008 (0%)  
[  5]   6.30-6.40   sec  1.55 MBytes   130 Mbits/sec  0.138 ms  0/1123 (0%)  
[  5]   6.40-6.50   sec  1.29 MBytes   108 Mbits/sec  0.140 ms  0/933 (0%)  
[  5]   6.50-6.60   sec  1.40 MBytes   118 Mbits/sec  0.402 ms  0/1016 (0%)  
[  5]   6.60-6.70   sec  1.70 MBytes   143 Mbits/sec  0.086 ms  0/1233 (0%)  
[  5]   6.70-6.80   sec  1.41 MBytes   118 Mbits/sec  0.090 ms  0/1021 (0%)  
[  5]   6.80-6.90   sec  1.36 MBytes   114 Mbits/sec  0.075 ms  0/986 (0%)  
[  5]   6.90-7.00   sec  1.44 MBytes   120 Mbits/sec  0.073 ms  0/1040 (0%)  
[  5]   7.00-7.10   sec   977 KBytes  80.0 Mbits/sec  0.166 ms  0/691 (0%)  
[  5]   7.10-7.20   sec  1.46 MBytes   123 Mbits/sec  0.087 ms  0/1058 (0%)  
[  5]   7.20-7.30   sec  1.17 MBytes  98.3 Mbits/sec  0.089 ms  0/848 (0%)  
[  5]   7.30-7.40   sec   938 KBytes  76.7 Mbits/sec  0.348 ms  0/663 (0%)  
[  5]   7.40-7.50   sec  1017 KBytes  83.4 Mbits/sec  0.110 ms  0/719 (0%)  
[  5]   7.50-7.60   sec   737 KBytes  60.3 Mbits/sec  0.103 ms  0/521 (0%)  
[  5]   7.60-7.70   sec   854 KBytes  70.0 Mbits/sec  0.131 ms  0/604 (0%)  
[  5]   7.70-7.80   sec  1.10 MBytes  92.1 Mbits/sec  0.077 ms  0/795 (0%)  
[  5]   7.80-7.90   sec  1.34 MBytes   112 Mbits/sec  0.135 ms  0/971 (0%)  
[  5]   7.90-8.00   sec  1.38 MBytes   116 Mbits/sec  0.063 ms  0/998 (0%)  
[  5]   8.00-8.10   sec  1.44 MBytes   121 Mbits/sec  0.077 ms  0/1046 (0%)  
[  5]   8.10-8.20   sec   881 KBytes  72.2 Mbits/sec  0.267 ms  0/623 (0%)  
[  5]   8.20-8.30   sec  1004 KBytes  82.3 Mbits/sec  0.252 ms  0/710 (0%)  
[  5]   8.30-8.40   sec   905 KBytes  74.1 Mbits/sec  0.067 ms  0/640 (0%)  
[  5]   8.40-8.50   sec  1.03 MBytes  86.2 Mbits/sec  0.095 ms  0/744 (0%)  
[  5]   8.50-8.60   sec  1.60 MBytes   134 Mbits/sec  0.044 ms  0/1158 (0%)  
[  5]   8.60-8.70   sec  1.68 MBytes   141 Mbits/sec  0.088 ms  0/1215 (0%)  
[  5]   8.70-8.80   sec  1.51 MBytes   127 Mbits/sec  0.238 ms  0/1093 (0%)  
[  5]   8.80-8.90   sec  1.52 MBytes   127 Mbits/sec  0.103 ms  0/1098 (0%)  
[  5]   8.90-9.00   sec   970 KBytes  79.4 Mbits/sec  0.931 ms  0/686 (0%)  
[  5]   9.00-9.10   sec   711 KBytes  58.3 Mbits/sec  0.159 ms  0/503 (0%)  
[  5]   9.10-9.20   sec   233 KBytes  19.1 Mbits/sec  0.252 ms  0/165 (0%)  
[  5]   9.20-9.30   sec   585 KBytes  48.0 Mbits/sec  0.247 ms  0/414 (0%)  
[  5]   9.30-9.40   sec   707 KBytes  57.9 Mbits/sec  0.255 ms  0/500 (0%)  
[  5]   9.40-9.50   sec   850 KBytes  69.6 Mbits/sec  0.125 ms  0/601 (0%)  
[  5]   9.50-9.60   sec   915 KBytes  74.9 Mbits/sec  0.248 ms  0/647 (0%)  
[  5]   9.60-9.70   sec   844 KBytes  69.2 Mbits/sec  0.085 ms  0/597 (0%)  
[  5]   9.70-9.80   sec   731 KBytes  59.9 Mbits/sec  0.120 ms  0/517 (0%)  
[  5]   9.80-9.90   sec   878 KBytes  71.9 Mbits/sec  0.979 ms  0/621 (0%)  
[  5]   9.90-10.00  sec  1.01 MBytes  84.4 Mbits/sec  0.266 ms  0/728 (0%)  
[  5]  10.00-10.10  sec   322 KBytes  26.4 Mbits/sec  0.149 ms  0/228 (0%)  
[  5]  10.10-10.20  sec  0.00 Bytes  0.00 bits/sec  0.149 ms  0/0 (0%)  
[  5]  10.20-10.30  sec   631 KBytes  51.7 Mbits/sec  0.269 ms  0/446 (0%)  
[  5]  10.30-10.40  sec  69.3 KBytes  5.67 Mbits/sec  0.275 ms  0/49 (0%)  
[  5]  10.40-10.50  sec   902 KBytes  73.9 Mbits/sec  0.122 ms  0/638 (0%)  
[  5]  10.50-10.60  sec   813 KBytes  66.6 Mbits/sec  0.123 ms  0/575 (0%)  
[  5]  10.60-10.70  sec  89.1 KBytes  7.30 Mbits/sec  2.472 ms  0/63 (0%)  
[  5]  10.70-10.80  sec   908 KBytes  74.3 Mbits/sec  0.050 ms  0/642 (0%)  
[  5]  10.80-10.90  sec   567 KBytes  46.5 Mbits/sec  0.089 ms  0/401 (0%)  
[  5]  10.90-11.00  sec   445 KBytes  36.5 Mbits/sec  0.186 ms  0/315 (0%)  
[  5]  11.00-11.10  sec  19.8 KBytes  1.62 Mbits/sec  3.252 ms  0/14 (0%)  
[  5]  11.10-11.20  sec   911 KBytes  74.6 Mbits/sec  0.083 ms  0/644 (0%)  
[  5]  11.20-11.30  sec   501 KBytes  41.0 Mbits/sec  0.085 ms  0/354 (0%)  
[  5]  11.30-11.40  sec   650 KBytes  53.3 Mbits/sec  0.166 ms  0/460 (0%)  
[  5]  11.40-11.50  sec   168 KBytes  13.8 Mbits/sec  0.565 ms  0/119 (0%)  
[  5]  11.50-11.60  sec   658 KBytes  53.9 Mbits/sec  0.263 ms  0/465 (0%)  
[  5]  11.60-11.70  sec   161 KBytes  13.2 Mbits/sec  1.181 ms  0/114 (0%)  
[  5]  11.70-11.80  sec   264 KBytes  21.7 Mbits/sec  0.429 ms  0/187 (0%)  
[  5]  11.80-11.90  sec  0.00 Bytes  0.00 bits/sec  0.429 ms  0/0 (0%)  
[  5]  11.90-12.00  sec   226 KBytes  18.5 Mbits/sec  0.251 ms  0/160 (0%)  
[  5]  12.00-12.10  sec  42.4 KBytes  3.47 Mbits/sec  1.262 ms  0/30 (0%)  
[  5]  12.10-12.20  sec   120 KBytes  9.85 Mbits/sec  0.969 ms  0/85 (0%)  
[  5]  12.20-12.30  sec   380 KBytes  31.2 Mbits/sec  0.068 ms  0/269 (0%)  
[  5]  12.30-12.40  sec  0.00 Bytes  0.00 bits/sec  0.068 ms  0/0 (0%)  
[  5]  12.40-12.50  sec   133 KBytes  10.9 Mbits/sec  0.366 ms  0/94 (0%)  
[  5]  12.50-12.60  sec  0.00 Bytes  0.00 bits/sec  0.366 ms  0/0 (0%)  
[  5]  12.60-12.70  sec  0.00 Bytes  0.00 bits/sec  0.366 ms  0/0 (0%)  
[  5]  12.70-12.80  sec  0.00 Bytes  0.00 bits/sec  0.366 ms  0/0 (0%)  
[  5]  12.80-12.90  sec  0.00 Bytes  0.00 bits/sec  0.366 ms  0/0 (0%)  
[  5]  12.90-13.00  sec  0.00 Bytes  0.00 bits/sec  0.366 ms  0/0 (0%)  
[  5]  13.00-13.10  sec  0.00 Bytes  0.00 bits/sec  0.366 ms  0/0 (0%)  
[  5]  13.10-13.20  sec  0.00 Bytes  0.00 bits/sec  0.366 ms  0/0 (0%)  
[  5]  13.20-13.30  sec  21.2 KBytes  1.74 Mbits/sec  21.160 ms  4/19 (21%)  
[  5]  13.30-13.40  sec  87.7 KBytes  7.18 Mbits/sec  8.522 ms  0/62 (0%)  
[  5]  13.40-13.50  sec  52.3 KBytes  4.29 Mbits/sec  3.020 ms  0/37 (0%)  
[  5]  13.50-13.60  sec   143 KBytes  11.7 Mbits/sec  1.650 ms  0/101 (0%)  
[  5]  13.60-13.70  sec   105 KBytes  8.57 Mbits/sec  1.139 ms  0/74 (0%)  
[  5]  13.70-13.80  sec  74.9 KBytes  6.14 Mbits/sec  5.951 ms  0/53 (0%)  
[  5]  13.80-13.90  sec   161 KBytes  13.2 Mbits/sec  0.646 ms  0/114 (0%)  
[  5]  13.90-14.00  sec  76.4 KBytes  6.26 Mbits/sec  3.073 ms  0/54 (0%)  
[  5]  14.00-14.10  sec  0.00 Bytes  0.00 bits/sec  3.073 ms  0/0 (0%)  
[  5]  14.10-14.20  sec  63.6 KBytes  5.21 Mbits/sec  1.988 ms  0/45 (0%)  
[  5]  14.20-14.30  sec  93.3 KBytes  7.65 Mbits/sec  1.397 ms  0/66 (0%)  
[  5]  14.30-14.40  sec   180 KBytes  14.7 Mbits/sec  1.321 ms  0/127 (0%)  
[  5]  14.40-14.50  sec  32.5 KBytes  2.66 Mbits/sec  1.056 ms  0/23 (0%)  
[  5]  14.50-14.60  sec   134 KBytes  11.0 Mbits/sec  1.678 ms  0/95 (0%)  
[  5]  14.60-14.70  sec  58.0 KBytes  4.75 Mbits/sec  1.088 ms  0/41 (0%)  
[  5]  14.70-14.80  sec  50.9 KBytes  4.17 Mbits/sec  3.806 ms  0/36 (0%)  
[  5]  14.80-14.90  sec   195 KBytes  16.0 Mbits/sec  1.072 ms  0/138 (0%)  
[  5]  14.90-15.00  sec  60.8 KBytes  4.98 Mbits/sec  2.407 ms  0/43 (0%)  
[  5]  15.00-15.10  sec   198 KBytes  16.2 Mbits/sec  0.616 ms  0/140 (0%)  
[  5]  15.10-15.20  sec   139 KBytes  11.4 Mbits/sec  1.289 ms  0/98 (0%)  
[  5]  15.20-15.30  sec   157 KBytes  12.9 Mbits/sec  2.013 ms  0/111 (0%)  
[  5]  15.30-15.40  sec   554 KBytes  45.5 Mbits/sec  0.362 ms  0/392 (0%)  
[  5]  15.40-15.50  sec   475 KBytes  38.9 Mbits/sec  0.415 ms  0/336 (0%)  
[  5]  15.50-15.60  sec   656 KBytes  53.8 Mbits/sec  0.362 ms  0/464 (0%)  
[  5]  15.60-15.70  sec   537 KBytes  44.0 Mbits/sec  0.295 ms  0/380 (0%)  
[  5]  15.70-15.80  sec   748 KBytes  61.2 Mbits/sec  0.389 ms  0/529 (0%)  
[  5]  15.80-15.90  sec   619 KBytes  50.8 Mbits/sec  0.136 ms  0/438 (0%)  
[  5]  15.90-16.00  sec   897 KBytes  73.4 Mbits/sec  0.090 ms  0/634 (0%)  
[  5]  16.00-16.10  sec  1.04 MBytes  87.2 Mbits/sec  0.110 ms  0/753 (0%)  
[  5]  16.10-16.20  sec   875 KBytes  71.7 Mbits/sec  0.132 ms  0/619 (0%)  
[  5]  16.20-16.30  sec   676 KBytes  55.3 Mbits/sec  0.374 ms  0/478 (0%)  
[  5]  16.30-16.40  sec  1.25 MBytes   105 Mbits/sec  0.098 ms  0/902 (0%)  
[  5]  16.40-16.50  sec   913 KBytes  74.8 Mbits/sec  0.091 ms  0/646 (0%)  
[  5]  16.50-16.60  sec   747 KBytes  61.2 Mbits/sec  0.104 ms  0/528 (0%)  
[  5]  16.60-16.70  sec   813 KBytes  66.6 Mbits/sec  0.081 ms  0/575 (0%)  
[  5]  16.70-16.80  sec   595 KBytes  48.8 Mbits/sec  0.121 ms  0/421 (0%)  
[  5]  16.80-16.90  sec   672 KBytes  55.0 Mbits/sec  0.131 ms  0/475 (0%)  
[  5]  16.90-17.00  sec   614 KBytes  50.3 Mbits/sec  0.148 ms  0/434 (0%)  
[  5]  17.00-17.10  sec   775 KBytes  63.5 Mbits/sec  0.097 ms  0/548 (0%)  
[  5]  17.10-17.20  sec   588 KBytes  48.2 Mbits/sec  2.629 ms  0/416 (0%)  
[  5]  17.20-17.30  sec   909 KBytes  74.5 Mbits/sec  0.117 ms  0/643 (0%)  
[  5]  17.30-17.40  sec   704 KBytes  57.7 Mbits/sec  0.089 ms  0/498 (0%)  
[  5]  17.40-17.50  sec  1.21 MBytes   101 Mbits/sec  0.146 ms  0/874 (0%)  
[  5]  17.50-17.60  sec   474 KBytes  38.8 Mbits/sec  0.939 ms  0/335 (0%)  
[  5]  17.60-17.70  sec   690 KBytes  56.5 Mbits/sec  0.342 ms  0/488 (0%)  
[  5]  17.70-17.80  sec   420 KBytes  34.4 Mbits/sec  0.560 ms  0/297 (0%)  
[  5]  17.80-17.90  sec  94.7 KBytes  7.76 Mbits/sec  2.809 ms  0/67 (0%)  
[  5]  17.90-18.00  sec   427 KBytes  35.0 Mbits/sec  0.370 ms  0/302 (0%)  
[  5]  18.00-18.10  sec   773 KBytes  63.4 Mbits/sec  0.253 ms  0/547 (0%)  
[  5]  18.10-18.20  sec  1.35 MBytes   113 Mbits/sec  0.075 ms  0/977 (0%)  
[  5]  18.20-18.30  sec  1.41 MBytes   118 Mbits/sec  0.072 ms  0/1019 (0%)  
[  5]  18.30-18.40  sec  1.30 MBytes   109 Mbits/sec  0.134 ms  0/944 (0%)  
[  5]  18.40-18.50  sec   909 KBytes  74.5 Mbits/sec  0.163 ms  0/643 (0%)  
[  5]  18.50-18.60  sec  1.19 MBytes  99.5 Mbits/sec  0.584 ms  0/859 (0%)  
[  5]  18.60-18.70  sec  1.12 MBytes  94.3 Mbits/sec  0.110 ms  0/814 (0%)  
[  5]  18.70-18.80  sec   929 KBytes  76.1 Mbits/sec  0.076 ms  0/657 (0%)  
[  5]  18.80-18.90  sec  1.01 MBytes  85.0 Mbits/sec  0.402 ms  0/734 (0%)  
[  5]  18.90-19.00  sec  1.50 MBytes   126 Mbits/sec  0.097 ms  0/1085 (0%)  
[  5]  19.00-19.10  sec  1.46 MBytes   122 Mbits/sec  0.131 ms  0/1055 (0%)  
[  5]  19.10-19.20  sec  1.13 MBytes  94.7 Mbits/sec  0.110 ms  0/818 (0%)  
[  5]  19.20-19.30  sec  1.12 MBytes  94.2 Mbits/sec  0.317 ms  0/814 (0%)  
[  5]  19.30-19.40  sec   625 KBytes  51.2 Mbits/sec  1.657 ms  0/442 (0%)  
[  5]  19.40-19.50  sec  1.58 MBytes   133 Mbits/sec  0.030 ms  0/1145 (0%)  
[  5]  19.50-19.60  sec   327 KBytes  26.8 Mbits/sec  0.387 ms  0/231 (0%)  
[  5]  19.60-19.70  sec   724 KBytes  59.3 Mbits/sec  0.058 ms  0/512 (0%)  
[  5]  19.70-19.80  sec  31.1 KBytes  2.55 Mbits/sec  1.335 ms  0/22 (0%)  
[  5]  19.80-19.90  sec  11.3 KBytes   927 Kbits/sec  2.567 ms  0/8 (0%)  
[  5]  19.90-20.00  sec   365 KBytes  29.9 Mbits/sec  0.092 ms  0/258 (0%)  
[  5]  20.00-20.10  sec  8.48 KBytes   695 Kbits/sec  2.998 ms  0/6 (0%)  
[  5]  20.10-20.20  sec   332 KBytes  27.2 Mbits/sec  0.115 ms  0/235 (0%)  
[  5]  20.20-20.30  sec   127 KBytes  10.4 Mbits/sec  0.522 ms  0/90 (0%)  
[  5]  20.30-20.40  sec   617 KBytes  50.5 Mbits/sec  0.213 ms  0/436 (0%)  
[  5]  20.40-20.50  sec   721 KBytes  59.1 Mbits/sec  0.190 ms  0/510 (0%)  
[  5]  20.50-20.60  sec   222 KBytes  18.2 Mbits/sec  0.145 ms  0/157 (0%)  
[  5]  20.60-20.70  sec   147 KBytes  12.1 Mbits/sec  2.562 ms  0/104 (0%)  
[  5]  20.70-20.80  sec   351 KBytes  28.7 Mbits/sec  1.581 ms  0/248 (0%)  
[  5]  20.80-20.90  sec   549 KBytes  45.0 Mbits/sec  0.163 ms  0/388 (0%)  
[  5]  20.90-21.00  sec   257 KBytes  21.1 Mbits/sec  0.634 ms  0/182 (0%)  
[  5]  21.00-21.10  sec   160 KBytes  13.1 Mbits/sec  1.153 ms  0/113 (0%)  
[  5]  21.10-21.20  sec   783 KBytes  64.1 Mbits/sec  0.171 ms  0/554 (0%)  
[  5]  21.20-21.30  sec  1.44 MBytes   121 Mbits/sec  0.085 ms  0/1042 (0%)  
[  5]  21.30-21.40  sec  1.53 MBytes   128 Mbits/sec  0.387 ms  0/1110 (0%)  
[  5]  21.40-21.50  sec  1.73 MBytes   145 Mbits/sec  0.066 ms  0/1252 (0%)  
[  5]  21.50-21.60  sec  1.49 MBytes   125 Mbits/sec  0.221 ms  0/1080 (0%)  
[  5]  21.60-21.70  sec  1.72 MBytes   145 Mbits/sec  0.046 ms  0/1248 (0%)  
[  5]  21.70-21.80  sec  1.37 MBytes   115 Mbits/sec  0.093 ms  0/994 (0%)  
[  5]  21.80-21.90  sec  1.57 MBytes   131 Mbits/sec  0.135 ms  0/1135 (0%)  
[  5]  21.90-22.00  sec  1.31 MBytes   110 Mbits/sec  0.185 ms  0/947 (0%)  
[  5]  22.00-22.10  sec  1.28 MBytes   107 Mbits/sec  0.112 ms  0/925 (0%)  
[  5]  22.10-22.20  sec  1.30 MBytes   109 Mbits/sec  0.041 ms  0/944 (0%)  
[  5]  22.20-22.30  sec  2.23 MBytes   187 Mbits/sec  0.053 ms  0/1614 (0%)  
[  5]  22.30-22.40  sec  2.33 MBytes   195 Mbits/sec  0.076 ms  0/1687 (0%)  
[  5]  22.40-22.50  sec  2.05 MBytes   172 Mbits/sec  0.069 ms  0/1483 (0%)  
[  5]  22.50-22.60  sec  1.41 MBytes   118 Mbits/sec  0.179 ms  0/1019 (0%)  
[  5]  22.60-22.70  sec   307 KBytes  25.1 Mbits/sec  0.059 ms  0/217 (0%)  
[  5]  22.70-22.80  sec  1.09 MBytes  91.7 Mbits/sec  0.163 ms  0/791 (0%)  
[  5]  22.80-22.90  sec  1.73 MBytes   145 Mbits/sec  0.057 ms  0/1254 (0%)  
[  5]  22.90-23.00  sec  1.91 MBytes   160 Mbits/sec  0.055 ms  0/1385 (0%)  
[  5]  23.00-23.10  sec  1.84 MBytes   154 Mbits/sec  0.050 ms  0/1333 (0%)  
[  5]  23.10-23.20  sec  2.14 MBytes   180 Mbits/sec  0.024 ms  0/1551 (0%)  
[  5]  23.20-23.30  sec  2.79 MBytes   234 Mbits/sec  0.033 ms  0/2021 (0%)  
[  5]  23.30-23.40  sec  2.39 MBytes   201 Mbits/sec  0.061 ms  0/1733 (0%)  
[  5]  23.40-23.50  sec  2.15 MBytes   180 Mbits/sec  0.038 ms  0/1557 (0%)  
[  5]  23.50-23.60  sec  2.26 MBytes   190 Mbits/sec  0.088 ms  0/1639 (0%)  
[  5]  23.60-23.70  sec  2.52 MBytes   211 Mbits/sec  0.078 ms  0/1822 (0%)  
[  5]  23.70-23.80  sec  3.21 MBytes   270 Mbits/sec  0.039 ms  0/2328 (0%)  
[  5]  23.80-23.90  sec  2.39 MBytes   201 Mbits/sec  0.042 ms  0/1734 (0%)  
[  5]  23.90-24.00  sec  2.71 MBytes   227 Mbits/sec  0.121 ms  0/1960 (0%)  
[  5]  24.00-24.10  sec  2.46 MBytes   206 Mbits/sec  0.080 ms  0/1778 (0%)  
[  5]  24.10-24.20  sec  2.40 MBytes   201 Mbits/sec  0.054 ms  0/1739 (0%)  
[  5]  24.20-24.30  sec  1.83 MBytes   153 Mbits/sec  0.108 ms  0/1324 (0%)  
[  5]  24.30-24.40  sec  2.08 MBytes   174 Mbits/sec  0.082 ms  0/1505 (0%)  
[  5]  24.40-24.50  sec  2.00 MBytes   168 Mbits/sec  0.038 ms  0/1450 (0%)  
[  5]  24.50-24.60  sec  1.90 MBytes   159 Mbits/sec  0.058 ms  0/1374 (0%)  
[  5]  24.60-24.70  sec  2.28 MBytes   191 Mbits/sec  0.064 ms  0/1651 (0%)  
[  5]  24.70-24.80  sec  2.49 MBytes   209 Mbits/sec  0.129 ms  0/1801 (0%)  
[  5]  24.80-24.90  sec  2.48 MBytes   208 Mbits/sec  0.026 ms  0/1795 (0%)  
[  5]  24.90-25.00  sec  2.59 MBytes   217 Mbits/sec  0.020 ms  0/1873 (0%)  
[  5]  25.00-25.10  sec  2.45 MBytes   206 Mbits/sec  0.043 ms  0/1777 (0%)  
[  5]  25.10-25.20  sec  2.27 MBytes   190 Mbits/sec  0.119 ms  0/1642 (0%)  
[  5]  25.20-25.30  sec  2.21 MBytes   185 Mbits/sec  0.285 ms  0/1598 (0%)  
[  5]  25.30-25.40  sec  2.13 MBytes   179 Mbits/sec  0.066 ms  0/1541 (0%)  
[  5]  25.40-25.50  sec  1.81 MBytes   152 Mbits/sec  0.094 ms  0/1309 (0%)  
[  5]  25.50-25.60  sec  2.19 MBytes   184 Mbits/sec  0.032 ms  0/1588 (0%)  
[  5]  25.60-25.70  sec  2.03 MBytes   170 Mbits/sec  0.039 ms  0/1467 (0%)  
[  5]  25.70-25.80  sec  1.32 MBytes   111 Mbits/sec  0.072 ms  0/955 (0%)  
[  5]  25.80-25.90  sec  1.56 MBytes   131 Mbits/sec  0.054 ms  0/1132 (0%)  
[  5]  25.90-26.00  sec  1.69 MBytes   142 Mbits/sec  0.064 ms  0/1226 (0%)  
[  5]  26.00-26.10  sec  1.14 MBytes  96.0 Mbits/sec  0.086 ms  0/829 (0%)  
[  5]  26.10-26.20  sec  1.33 MBytes   111 Mbits/sec  0.082 ms  0/963 (0%)  
[  5]  26.20-26.30  sec  1.36 MBytes   114 Mbits/sec  0.808 ms  0/983 (0%)  
[  5]  26.30-26.40  sec  1.09 MBytes  91.6 Mbits/sec  0.601 ms  0/791 (0%)  
[  5]  26.40-26.50  sec  1.18 MBytes  98.8 Mbits/sec  0.143 ms  0/852 (0%)  
[  5]  26.50-26.60  sec  1.31 MBytes   110 Mbits/sec  0.104 ms  0/949 (0%)  
[  5]  26.60-26.70  sec  1.36 MBytes   114 Mbits/sec  0.048 ms  0/984 (0%)  
[  5]  26.70-26.80  sec  1.52 MBytes   127 Mbits/sec  0.072 ms  0/1100 (0%)  
[  5]  26.80-26.90  sec  1.38 MBytes   116 Mbits/sec  0.073 ms  0/1001 (0%)  
[  5]  26.90-27.00  sec  1.12 MBytes  94.1 Mbits/sec  0.064 ms  0/812 (0%)  
[  5]  27.00-27.10  sec  1.57 MBytes   132 Mbits/sec  0.064 ms  0/1137 (0%)  
[  5]  27.10-27.20  sec  1.46 MBytes   122 Mbits/sec  0.106 ms  0/1054 (0%)  
[  5]  27.20-27.30  sec  1.16 MBytes  97.1 Mbits/sec  0.255 ms  0/839 (0%)  
[  5]  27.30-27.40  sec   881 KBytes  72.2 Mbits/sec  0.289 ms  0/623 (0%)  
[  5]  27.40-27.50  sec  1.03 MBytes  86.7 Mbits/sec  0.347 ms  0/749 (0%)  
[  5]  27.50-27.60  sec   980 KBytes  80.2 Mbits/sec  0.161 ms  0/693 (0%)  
[  5]  27.60-27.70  sec   895 KBytes  73.4 Mbits/sec  0.076 ms  0/633 (0%)  
[  5]  27.70-27.80  sec   871 KBytes  71.3 Mbits/sec  0.061 ms  0/616 (0%)  
[  5]  27.80-27.90  sec  1.35 MBytes   114 Mbits/sec  0.097 ms  0/981 (0%)  
[  5]  27.90-28.00  sec  1.41 MBytes   119 Mbits/sec  0.048 ms  0/1024 (0%)  
[  5]  28.00-28.10  sec  1.30 MBytes   109 Mbits/sec  0.318 ms  0/941 (0%)  
[  5]  28.10-28.20  sec  1.36 MBytes   114 Mbits/sec  0.126 ms  0/986 (0%)  
[  5]  28.20-28.30  sec   986 KBytes  80.7 Mbits/sec  0.076 ms  0/697 (0%)  
[  5]  28.30-28.40  sec  1.58 MBytes   133 Mbits/sec  0.103 ms  0/1145 (0%)  
[  5]  28.40-28.50  sec  1.27 MBytes   106 Mbits/sec  0.188 ms  0/918 (0%)  
[  5]  28.50-28.60  sec  1.94 MBytes   163 Mbits/sec  0.032 ms  0/1406 (0%)  
[  5]  28.60-28.70  sec  1.51 MBytes   127 Mbits/sec  0.123 ms  0/1095 (0%)  
[  5]  28.70-28.80  sec  1.51 MBytes   127 Mbits/sec  0.103 ms  0/1092 (0%)  
[  5]  28.80-28.90  sec  1.70 MBytes   143 Mbits/sec  0.066 ms  0/1231 (0%)  
[  5]  28.90-29.00  sec  2.02 MBytes   170 Mbits/sec  0.048 ms  0/1465 (0%)  
[  5]  29.00-29.10  sec   816 KBytes  66.8 Mbits/sec  0.067 ms  0/577 (0%)  
[  5]  29.10-29.20  sec   547 KBytes  44.8 Mbits/sec  0.144 ms  0/387 (0%)  
[  5]  29.20-29.30  sec   737 KBytes  60.4 Mbits/sec  0.141 ms  0/521 (0%)  
[  5]  29.30-29.40  sec   697 KBytes  57.1 Mbits/sec  0.105 ms  0/493 (0%)  
[  5]  29.40-29.50  sec   740 KBytes  60.6 Mbits/sec  0.113 ms  0/523 (0%)  
[  5]  29.50-29.60  sec   717 KBytes  58.7 Mbits/sec  0.132 ms  0/507 (0%)  
[  5]  29.60-29.70  sec  1022 KBytes  83.8 Mbits/sec  0.108 ms  0/723 (0%)  
[  5]  29.70-29.80  sec  1.33 MBytes   111 Mbits/sec  0.147 ms  0/962 (0%)  
[  5]  29.80-29.90  sec  1.29 MBytes   108 Mbits/sec  0.070 ms  0/932 (0%)  
[  5]  29.90-30.00  sec  1.49 MBytes   125 Mbits/sec  0.123 ms  0/1081 (0%)  
[  5]  30.00-30.10  sec   723 KBytes  59.2 Mbits/sec  0.115 ms  0/511 (0%)  
[  5]  30.10-30.20  sec  1.42 MBytes   120 Mbits/sec  0.252 ms  0/1031 (0%)  
[  5]  30.20-30.30  sec  1.33 MBytes   111 Mbits/sec  0.057 ms  0/962 (0%)  
[  5]  30.30-30.40  sec  1.35 MBytes   114 Mbits/sec  0.440 ms  0/981 (0%)  
[  5]  30.40-30.50  sec  1.09 MBytes  91.3 Mbits/sec  0.146 ms  0/787 (0%)  
[  5]  30.50-30.60  sec   609 KBytes  49.9 Mbits/sec  0.146 ms  0/431 (0%)  
[  5]  30.60-30.70  sec   947 KBytes  77.7 Mbits/sec  0.227 ms  0/670 (0%)  
[  5]  30.70-30.80  sec  1.02 MBytes  85.9 Mbits/sec  0.076 ms  0/742 (0%)  
[  5]  30.80-30.90  sec  1.01 MBytes  84.7 Mbits/sec  0.079 ms  0/731 (0%)  
[  5]  30.90-31.00  sec   590 KBytes  48.3 Mbits/sec  0.161 ms  0/417 (0%)  
[  5]  31.00-31.10  sec  1.10 MBytes  92.3 Mbits/sec  0.186 ms  0/797 (0%)  
[  5]  31.10-31.20  sec  1.36 MBytes   114 Mbits/sec  0.147 ms  0/984 (0%)  
[  5]  31.20-31.30  sec  1.22 MBytes   102 Mbits/sec  0.072 ms  0/883 (0%)  
[  5]  31.30-31.40  sec  1.32 MBytes   110 Mbits/sec  0.073 ms  0/954 (0%)  
[  5]  31.40-31.50  sec  1.09 MBytes  91.8 Mbits/sec  0.755 ms  0/792 (0%)  
[  5]  31.50-31.60  sec   677 KBytes  55.5 Mbits/sec  0.618 ms  0/479 (0%)  
[  5]  31.60-31.70  sec   454 KBytes  37.1 Mbits/sec  0.229 ms  0/321 (0%)  
[  5]  31.70-31.80  sec   659 KBytes  54.0 Mbits/sec  0.492 ms  0/466 (0%)  
[  5]  31.80-31.90  sec   877 KBytes  71.8 Mbits/sec  0.391 ms  0/620 (0%)  
[  5]  31.90-32.00  sec  1.05 MBytes  88.1 Mbits/sec  0.125 ms  0/761 (0%)  
[  5]  32.00-32.10  sec  1.23 MBytes   103 Mbits/sec  0.082 ms  0/888 (0%)  
[  5]  32.10-32.20  sec  1.10 MBytes  92.4 Mbits/sec  0.208 ms  0/798 (0%)  
[  5]  32.20-32.30  sec   952 KBytes  78.0 Mbits/sec  0.082 ms  0/673 (0%)  
[  5]  32.30-32.40  sec  1.28 MBytes   107 Mbits/sec  0.085 ms  0/924 (0%)  
[  5]  32.40-32.50  sec   889 KBytes  72.8 Mbits/sec  0.140 ms  0/629 (0%)  
[  5]  32.50-32.60  sec   847 KBytes  69.4 Mbits/sec  0.240 ms  0/599 (0%)  
[  5]  32.60-32.70  sec   676 KBytes  55.4 Mbits/sec  0.114 ms  0/478 (0%)  
[  5]  32.70-32.80  sec   853 KBytes  69.9 Mbits/sec  0.144 ms  0/603 (0%)  
[  5]  32.80-32.90  sec   402 KBytes  32.9 Mbits/sec  0.112 ms  0/284 (0%)  
[  5]  32.90-33.00  sec   827 KBytes  67.7 Mbits/sec  0.202 ms  0/585 (0%)  
[  5]  33.00-33.10  sec   658 KBytes  53.9 Mbits/sec  0.106 ms  0/465 (0%)  
[  5]  33.10-33.20  sec   773 KBytes  63.4 Mbits/sec  0.202 ms  0/547 (0%)  
[  5]  33.20-33.30  sec   841 KBytes  68.9 Mbits/sec  0.388 ms  0/595 (0%)  
[  5]  33.30-33.40  sec   841 KBytes  69.0 Mbits/sec  0.102 ms  0/595 (0%)  
[  5]  33.40-33.50  sec   966 KBytes  79.1 Mbits/sec  0.309 ms  0/683 (0%)  
[  5]  33.50-33.60  sec   919 KBytes  75.3 Mbits/sec  0.152 ms  0/650 (0%)  
[  5]  33.60-33.70  sec   830 KBytes  68.0 Mbits/sec  0.124 ms  0/587 (0%)  
[  5]  33.70-33.80  sec   843 KBytes  69.1 Mbits/sec  0.219 ms  0/596 (0%)  
[  5]  33.80-33.90  sec   566 KBytes  46.3 Mbits/sec  0.394 ms  0/400 (0%)  
[  5]  33.90-34.00  sec   819 KBytes  67.1 Mbits/sec  0.158 ms  0/579 (0%)  
[  5]  34.00-34.10  sec   570 KBytes  46.7 Mbits/sec  0.198 ms  0/403 (0%)  
[  5]  34.10-34.20  sec   375 KBytes  30.7 Mbits/sec  0.629 ms  0/265 (0%)  
[  5]  34.20-34.30  sec   506 KBytes  41.5 Mbits/sec  0.214 ms  0/358 (0%)  
[  5]  34.30-34.40  sec   485 KBytes  39.7 Mbits/sec  0.291 ms  0/343 (0%)  
[  5]  34.40-34.50  sec   420 KBytes  34.4 Mbits/sec  0.348 ms  0/297 (0%)  
[  5]  34.50-34.60  sec   228 KBytes  18.6 Mbits/sec  0.765 ms  0/161 (0%)  
[  5]  34.60-34.70  sec   421 KBytes  34.5 Mbits/sec  0.842 ms  0/298 (0%)  
[  5]  34.70-34.80  sec   522 KBytes  42.7 Mbits/sec  0.261 ms  0/369 (0%)  
[  5]  34.80-34.90  sec   339 KBytes  27.8 Mbits/sec  0.156 ms  0/240 (0%)  
[  5]  34.90-35.00  sec   618 KBytes  50.6 Mbits/sec  0.143 ms  0/437 (0%)  
[  5]  35.00-35.10  sec   368 KBytes  30.1 Mbits/sec  0.507 ms  0/260 (0%)  
[  5]  35.10-35.20  sec   366 KBytes  30.0 Mbits/sec  0.231 ms  0/259 (0%)  
[  5]  35.20-35.30  sec   506 KBytes  41.5 Mbits/sec  0.208 ms  0/358 (0%)  
[  5]  35.30-35.40  sec   359 KBytes  29.4 Mbits/sec  2.625 ms  0/254 (0%)  
[  5]  35.40-35.50  sec   436 KBytes  35.7 Mbits/sec  0.356 ms  0/308 (0%)  
[  5]  35.50-35.60  sec   430 KBytes  35.2 Mbits/sec  0.169 ms  0/304 (0%)  
[  5]  35.60-35.70  sec   165 KBytes  13.5 Mbits/sec  2.685 ms  0/117 (0%)  
[  5]  35.70-35.80  sec   686 KBytes  56.2 Mbits/sec  0.190 ms  0/485 (0%)  
[  5]  35.80-35.90  sec   363 KBytes  29.8 Mbits/sec  0.288 ms  0/257 (0%)  
[  5]  35.90-36.00  sec   379 KBytes  31.0 Mbits/sec  0.450 ms  0/268 (0%)  
[  5]  36.00-36.10  sec  1.02 MBytes  85.6 Mbits/sec  0.072 ms  0/739 (0%)  
[  5]  36.10-36.20  sec   539 KBytes  44.2 Mbits/sec  0.064 ms  0/381 (0%)  
[  5]  36.20-36.30  sec   328 KBytes  26.9 Mbits/sec  0.246 ms  0/232 (0%)  
[  5]  36.30-36.40  sec   492 KBytes  40.3 Mbits/sec  0.115 ms  0/348 (0%)  
[  5]  36.40-36.50  sec   689 KBytes  56.4 Mbits/sec  0.118 ms  0/487 (0%)  
[  5]  36.50-36.60  sec   509 KBytes  41.7 Mbits/sec  0.078 ms  0/360 (0%)  
[  5]  36.60-36.70  sec   600 KBytes  49.1 Mbits/sec  0.066 ms  0/424 (0%)  
[  5]  36.70-36.80  sec  1.31 MBytes   110 Mbits/sec  0.068 ms  0/951 (0%)  
[  5]  36.80-36.90  sec   781 KBytes  63.9 Mbits/sec  0.118 ms  0/552 (0%)  
[  5]  36.90-37.00  sec   489 KBytes  40.1 Mbits/sec  0.169 ms  0/346 (0%)  
[  5]  37.00-37.10  sec   796 KBytes  65.2 Mbits/sec  0.160 ms  0/563 (0%)  
[  5]  37.10-37.20  sec   653 KBytes  53.5 Mbits/sec  0.437 ms  0/462 (0%)  
[  5]  37.20-37.30  sec   499 KBytes  40.9 Mbits/sec  0.107 ms  0/353 (0%)  
[  5]  37.30-37.40  sec   559 KBytes  45.7 Mbits/sec  0.297 ms  0/395 (0%)  
[  5]  37.40-37.50  sec   600 KBytes  49.1 Mbits/sec  0.111 ms  0/424 (0%)  
[  5]  37.50-37.60  sec   471 KBytes  38.6 Mbits/sec  0.136 ms  0/333 (0%)  
[  5]  37.60-37.70  sec   571 KBytes  46.8 Mbits/sec  0.782 ms  0/404 (0%)  
[  5]  37.70-37.80  sec   375 KBytes  30.7 Mbits/sec  1.055 ms  0/265 (0%)  
[  5]  37.80-37.90  sec  29.7 KBytes  2.43 Mbits/sec  1.379 ms  0/21 (0%)  
[  5]  37.90-38.00  sec   204 KBytes  16.7 Mbits/sec  0.180 ms  0/144 (0%)  
[  5]  38.00-38.10  sec   455 KBytes  37.3 Mbits/sec  0.202 ms  0/322 (0%)  
[  5]  38.10-38.20  sec   532 KBytes  43.6 Mbits/sec  0.223 ms  0/376 (0%)  
[  5]  38.20-38.30  sec   583 KBytes  47.7 Mbits/sec  1.434 ms  0/412 (0%)  
[  5]  38.30-38.40  sec   731 KBytes  59.9 Mbits/sec  0.164 ms  0/517 (0%)  
[  5]  38.40-38.50  sec   334 KBytes  27.3 Mbits/sec  0.571 ms  0/236 (0%)  
[  5]  38.50-38.60  sec   242 KBytes  19.8 Mbits/sec  0.249 ms  0/171 (0%)  
[  5]  38.60-38.70  sec   313 KBytes  25.6 Mbits/sec  0.167 ms  0/221 (0%)  
[  5]  38.70-38.80  sec   588 KBytes  48.2 Mbits/sec  0.285 ms  0/416 (0%)  
[  5]  38.80-38.90  sec   584 KBytes  47.8 Mbits/sec  0.204 ms  0/413 (0%)  
[  5]  38.90-39.00  sec   588 KBytes  48.2 Mbits/sec  0.164 ms  0/416 (0%)  
[  5]  39.00-39.10  sec   576 KBytes  47.2 Mbits/sec  0.236 ms  0/407 (0%)  
[  5]  39.10-39.20  sec   581 KBytes  47.6 Mbits/sec  0.262 ms  0/411 (0%)  
[  5]  39.20-39.30  sec   878 KBytes  72.0 Mbits/sec  0.410 ms  0/621 (0%)  
[  5]  39.30-39.40  sec   843 KBytes  69.0 Mbits/sec  0.247 ms  0/596 (0%)  
[  5]  39.40-39.50  sec   522 KBytes  42.8 Mbits/sec  0.105 ms  0/369 (0%)  
[  5]  39.50-39.60  sec   952 KBytes  77.9 Mbits/sec  0.301 ms  0/673 (0%)  
[  5]  39.60-39.70  sec   981 KBytes  80.5 Mbits/sec  0.288 ms  0/694 (0%)  
[  5]  39.70-39.80  sec  1.02 MBytes  85.5 Mbits/sec  0.285 ms  0/739 (0%)  
[  5]  39.80-39.90  sec  1.16 MBytes  97.6 Mbits/sec  0.096 ms  0/842 (0%)  
[  5]  39.90-40.00  sec   819 KBytes  67.0 Mbits/sec  0.207 ms  0/579 (0%)  
[  5]  40.00-40.04  sec   523 KBytes  96.9 Mbits/sec  0.083 ms  0/370 (0%)  
- - - - - - - - - - - - - - - - - - - - - - - - -
[ ID] Interval           Transfer     Bandwidth       Jitter    Lost/Total Datagrams
[  5]   0.00-40.04  sec  0.00 Bytes  0.00 bits/sec  0.083 ms  4/327443 (0.0012%) 
