-----------------------------------------------------------
Server listening on 5201
-----------------------------------------------------------
Accepted connection from 192.168.50.151, port 38588
[  5] local 192.168.50.46 port 5201 connected to 192.168.50.151 port 43346
[ ID] Interval           Transfer     Bandwidth       Jitter    Lost/Total Datagrams
[  5]   0.00-0.10   sec  62.2 KBytes  5.09 Mbits/sec  6752307692.909 ms  0/44 (0%)  
[  5]   0.10-0.20   sec   126 KBytes  10.3 Mbits/sec  21621998.946 ms  0/89 (0%)  
[  5]   0.20-0.30   sec   112 KBytes  9.15 Mbits/sec  132018.563 ms  0/79 (0%)  
[  5]   0.30-0.40   sec   249 KBytes  20.4 Mbits/sec  2.114 ms  0/176 (0%)  
[  5]   0.40-0.50   sec   308 KBytes  25.3 Mbits/sec  0.618 ms  0/218 (0%)  
[  5]   0.50-0.60   sec   223 KBytes  18.3 Mbits/sec  1.657 ms  0/158 (0%)  
[  5]   0.60-0.70   sec   209 KBytes  17.1 Mbits/sec  0.771 ms  0/148 (0%)  
[  5]   0.70-0.80   sec   177 KBytes  14.5 Mbits/sec  0.938 ms  0/125 (0%)  
[  5]   0.80-0.90   sec  45.2 KBytes  3.71 Mbits/sec  1.596 ms  0/32 (0%)  
[  5]   0.90-1.00   sec  97.6 KBytes  7.99 Mbits/sec  5.261 ms  0/69 (0%)  
[  5]   1.00-1.10   sec   144 KBytes  11.8 Mbits/sec  4.001 ms  0/102 (0%)  
[  5]   1.10-1.20   sec   164 KBytes  13.4 Mbits/sec  1.206 ms  0/116 (0%)  
[  5]   1.20-1.30   sec   154 KBytes  12.6 Mbits/sec  1.055 ms  0/109 (0%)  
[  5]   1.30-1.40   sec   122 KBytes  9.96 Mbits/sec  1.556 ms  0/86 (0%)  
[  5]   1.40-1.50   sec  52.3 KBytes  4.29 Mbits/sec  1.637 ms  0/37 (0%)  
[  5]   1.50-1.60   sec  32.5 KBytes  2.66 Mbits/sec  5.299 ms  0/23 (0%)  
[  5]   1.60-1.70   sec  26.9 KBytes  2.20 Mbits/sec  4.202 ms  0/19 (0%)  
[  5]   1.70-1.80   sec  82.0 KBytes  6.72 Mbits/sec  4.509 ms  0/58 (0%)  
[  5]   1.80-1.90   sec  62.2 KBytes  5.10 Mbits/sec  1.617 ms  0/44 (0%)  
[  5]   1.90-2.00   sec  14.1 KBytes  1.16 Mbits/sec  9.472 ms  0/10 (0%)  
[  5]   2.00-2.10   sec   110 KBytes  9.04 Mbits/sec  3.399 ms  1/79 (1.3%)  
[  5]   2.10-2.20   sec  22.6 KBytes  1.85 Mbits/sec  4.770 ms  0/16 (0%)  
[  5]   2.20-2.30   sec  80.6 KBytes  6.60 Mbits/sec  3.285 ms  1/58 (1.7%)  
[  5]   2.30-2.40   sec  14.1 KBytes  1.16 Mbits/sec  6.149 ms  0/10 (0%)  
[  5]   2.40-2.50   sec  77.8 KBytes  6.37 Mbits/sec  4.511 ms  2/57 (3.5%)  
[  5]   2.50-2.60   sec  66.5 KBytes  5.44 Mbits/sec  1.401 ms  1/48 (2.1%)  
[  5]   2.60-2.70   sec  79.2 KBytes  6.49 Mbits/sec  3.254 ms  1/57 (1.8%)  
[  5]   2.70-2.80   sec  59.4 KBytes  4.87 Mbits/sec  2.515 ms  1/43 (2.3%)  
[  5]   2.80-2.90   sec  65.0 KBytes  5.33 Mbits/sec  4.201 ms  1/47 (2.1%)  
[  5]   2.90-3.00   sec   106 KBytes  8.69 Mbits/sec  1.694 ms  0/75 (0%)  
[  5]   3.00-3.10   sec  90.5 KBytes  7.42 Mbits/sec  2.048 ms  0/64 (0%)  
[  5]   3.10-3.20   sec  74.9 KBytes  6.13 Mbits/sec  1.657 ms  0/53 (0%)  
[  5]   3.20-3.30   sec   165 KBytes  13.6 Mbits/sec  1.096 ms  0/117 (0%)  
[  5]   3.30-3.40   sec  91.9 KBytes  7.52 Mbits/sec  2.439 ms  0/65 (0%)  
[  5]   3.40-3.50   sec  41.0 KBytes  3.36 Mbits/sec  3.190 ms  0/29 (0%)  
[  5]   3.50-3.60   sec  45.2 KBytes  3.71 Mbits/sec  3.604 ms  1/33 (3%)  
[  5]   3.60-3.70   sec  35.4 KBytes  2.90 Mbits/sec  4.397 ms  0/25 (0%)  
[  5]   3.70-3.80   sec   133 KBytes  10.9 Mbits/sec  2.820 ms  1/95 (1.1%)  
[  5]   3.80-3.90   sec  67.9 KBytes  5.56 Mbits/sec  3.124 ms  0/48 (0%)  
[  5]   3.90-4.00   sec  73.5 KBytes  6.02 Mbits/sec  3.426 ms  0/52 (0%)  
[  5]   4.00-4.10   sec  69.3 KBytes  5.68 Mbits/sec  6.340 ms  0/49 (0%)  
[  5]   4.10-4.20   sec  48.1 KBytes  3.94 Mbits/sec  3.008 ms  0/34 (0%)  
[  5]   4.20-4.30   sec  0.00 Bytes  0.00 bits/sec  3.008 ms  0/0 (0%)  
[  5]   4.30-4.40   sec  1.41 KBytes   116 Kbits/sec  12.610 ms  0/1 (0%)  
[  5]   4.40-4.50   sec  4.24 KBytes   347 Kbits/sec  15.010 ms  0/3 (0%)  
[  5]   4.50-4.60   sec  5.66 KBytes   463 Kbits/sec  21.460 ms  0/4 (0%)  
[  5]   4.60-4.70   sec  0.00 Bytes  0.00 bits/sec  21.460 ms  0/0 (0%)  
[  5]   4.70-4.80   sec  1.41 KBytes   116 Kbits/sec  28.873 ms  0/1 (0%)  
[  5]   4.80-4.90   sec  0.00 Bytes  0.00 bits/sec  28.873 ms  0/0 (0%)  
[  5]   4.90-5.00   sec  7.07 KBytes   580 Kbits/sec  32.977 ms  4/9 (44%)  
[  5]   5.00-5.10   sec  4.24 KBytes   347 Kbits/sec  30.380 ms  0/3 (0%)  
[  5]   5.10-5.20   sec  1.41 KBytes   116 Kbits/sec  35.441 ms  0/1 (0%)  
[  5]   5.20-5.30   sec   109 KBytes  8.92 Mbits/sec  4.417 ms  18/95 (19%)  
[  5]   5.30-5.40   sec  59.4 KBytes  4.87 Mbits/sec  3.715 ms  0/42 (0%)  
[  5]   5.40-5.50   sec  63.6 KBytes  5.21 Mbits/sec  2.600 ms  0/45 (0%)  
[  5]   5.50-5.60   sec  97.6 KBytes  7.99 Mbits/sec  2.070 ms  0/69 (0%)  
[  5]   5.60-5.70   sec  59.4 KBytes  4.87 Mbits/sec  1.581 ms  0/42 (0%)  
[  5]   5.70-5.80   sec  45.2 KBytes  3.71 Mbits/sec  4.065 ms  0/32 (0%)  
[  5]   5.80-5.90   sec  42.4 KBytes  3.48 Mbits/sec  3.090 ms  0/30 (0%)  
[  5]   5.90-6.00   sec  70.7 KBytes  5.79 Mbits/sec  5.284 ms  0/50 (0%)  
[  5]   6.00-6.10   sec   124 KBytes  10.2 Mbits/sec  2.296 ms  0/88 (0%)  
[  5]   6.10-6.20   sec  74.9 KBytes  6.14 Mbits/sec  4.084 ms  0/53 (0%)  
[  5]   6.20-6.30   sec  97.6 KBytes  7.99 Mbits/sec  2.034 ms  0/69 (0%)  
[  5]   6.30-6.40   sec  80.6 KBytes  6.60 Mbits/sec  2.212 ms  0/57 (0%)  
[  5]   6.40-6.50   sec  97.6 KBytes  7.99 Mbits/sec  1.733 ms  0/69 (0%)  
[  5]   6.50-6.60   sec   120 KBytes  9.85 Mbits/sec  2.325 ms  0/85 (0%)  
[  5]   6.60-6.70   sec   139 KBytes  11.4 Mbits/sec  1.752 ms  0/98 (0%)  
[  5]   6.70-6.80   sec   100 KBytes  8.22 Mbits/sec  2.709 ms  0/71 (0%)  
[  5]   6.80-6.90   sec  26.9 KBytes  2.20 Mbits/sec  5.403 ms  0/19 (0%)  
[  5]   6.90-7.00   sec  25.5 KBytes  2.09 Mbits/sec  4.644 ms  0/18 (0%)  
[  5]   7.00-7.10   sec  1.41 KBytes   116 Kbits/sec  9.396 ms  0/1 (0%)  
[  5]   7.10-7.20   sec  36.8 KBytes  3.01 Mbits/sec  7.910 ms  1/27 (3.7%)  
[  5]   7.20-7.30   sec  46.7 KBytes  3.82 Mbits/sec  5.232 ms  1/34 (2.9%)  
[  5]   7.30-7.40   sec  39.6 KBytes  3.24 Mbits/sec  3.693 ms  1/29 (3.4%)  
[  5]   7.40-7.50   sec  63.6 KBytes  5.21 Mbits/sec  2.336 ms  2/47 (4.3%)  
[  5]   7.50-7.60   sec  19.8 KBytes  1.62 Mbits/sec  8.540 ms  0/14 (0%)  
[  5]   7.60-7.70   sec  53.7 KBytes  4.40 Mbits/sec  8.047 ms  2/40 (5%)  
[  5]   7.70-7.80   sec  90.5 KBytes  7.41 Mbits/sec  4.302 ms  0/64 (0%)  
[  5]   7.80-7.90   sec  46.7 KBytes  3.82 Mbits/sec  2.563 ms  0/33 (0%)  
[  5]   7.90-8.00   sec  4.24 KBytes   348 Kbits/sec  10.048 ms  0/3 (0%)  
[  5]   8.00-8.10   sec  22.6 KBytes  1.85 Mbits/sec  6.168 ms  0/16 (0%)  
[  5]   8.10-8.20   sec  52.3 KBytes  4.29 Mbits/sec  12.330 ms  2/39 (5.1%)  
[  5]   8.20-8.30   sec  82.0 KBytes  6.72 Mbits/sec  3.492 ms  2/60 (3.3%)  
[  5]   8.30-8.40   sec  28.3 KBytes  2.32 Mbits/sec  4.785 ms  0/20 (0%)  
[  5]   8.40-8.50   sec  26.9 KBytes  2.20 Mbits/sec  3.334 ms  1/20 (5%)  
[  5]   8.50-8.60   sec  65.0 KBytes  5.33 Mbits/sec  9.682 ms  3/49 (6.1%)  
[  5]   8.60-8.70   sec  80.6 KBytes  6.60 Mbits/sec  3.508 ms  0/57 (0%)  
[  5]   8.70-8.80   sec  58.0 KBytes  4.75 Mbits/sec  4.178 ms  0/41 (0%)  
[  5]   8.80-8.90   sec  74.9 KBytes  6.14 Mbits/sec  4.144 ms  0/53 (0%)  
[  5]   8.90-9.00   sec  69.3 KBytes  5.68 Mbits/sec  2.064 ms  1/50 (2%)  
[  5]   9.00-9.10   sec   107 KBytes  8.80 Mbits/sec  1.575 ms  0/76 (0%)  
[  5]   9.10-9.20   sec  0.00 Bytes  0.00 bits/sec  1.575 ms  0/0 (0%)  
[  5]   9.20-9.30   sec  1.41 KBytes   116 Kbits/sec  10.057 ms  0/1 (0%)  
[  5]   9.30-9.40   sec  0.00 Bytes  0.00 bits/sec  10.057 ms  0/0 (0%)  
[  5]   9.40-9.50   sec  2.83 KBytes   232 Kbits/sec  23.633 ms  1/3 (33%)  
[  5]   9.50-9.60   sec  0.00 Bytes  0.00 bits/sec  23.633 ms  0/0 (0%)  
[  5]   9.60-9.70   sec  21.2 KBytes  1.74 Mbits/sec  14.922 ms  0/15 (0%)  
[  5]   9.70-9.80   sec  39.6 KBytes  3.24 Mbits/sec  5.515 ms  2/30 (6.7%)  
[  5]   9.80-9.90   sec  96.2 KBytes  7.88 Mbits/sec  3.331 ms  2/70 (2.9%)  
[  5]   9.90-10.00  sec  93.3 KBytes  7.65 Mbits/sec  2.153 ms  0/66 (0%)  
[  5]  10.00-10.10  sec  80.6 KBytes  6.60 Mbits/sec  2.115 ms  0/57 (0%)  
[  5]  10.10-10.20  sec  33.9 KBytes  2.78 Mbits/sec  3.735 ms  0/24 (0%)  
[  5]  10.20-10.30  sec  99.0 KBytes  8.11 Mbits/sec  2.113 ms  2/72 (2.8%)  
[  5]  10.30-10.40  sec  80.6 KBytes  6.60 Mbits/sec  3.980 ms  2/59 (3.4%)  
[  5]  10.40-10.50  sec   123 KBytes  10.1 Mbits/sec  1.261 ms  2/89 (2.2%)  
[  5]  10.50-10.60  sec  84.8 KBytes  6.95 Mbits/sec  3.362 ms  0/60 (0%)  
[  5]  10.60-10.70  sec  93.3 KBytes  7.65 Mbits/sec  2.814 ms  1/67 (1.5%)  
[  5]  10.70-10.80  sec  74.9 KBytes  6.14 Mbits/sec  3.092 ms  0/53 (0%)  
[  5]  10.80-10.90  sec  56.6 KBytes  4.63 Mbits/sec  1.791 ms  0/40 (0%)  
[  5]  10.90-11.00  sec   103 KBytes  8.46 Mbits/sec  2.260 ms  1/74 (1.4%)  
[  5]  11.00-11.10  sec  90.5 KBytes  7.41 Mbits/sec  2.483 ms  0/64 (0%)  
[  5]  11.10-11.20  sec   133 KBytes  10.9 Mbits/sec  1.859 ms  1/95 (1.1%)  
[  5]  11.20-11.30  sec  1.41 KBytes   116 Kbits/sec  5.394 ms  0/1 (0%)  
[  5]  11.30-11.40  sec  52.3 KBytes  4.29 Mbits/sec  2.753 ms  1/38 (2.6%)  
[  5]  11.40-11.50  sec   127 KBytes  10.4 Mbits/sec  1.489 ms  0/90 (0%)  
[  5]  11.50-11.60  sec  76.4 KBytes  6.26 Mbits/sec  3.288 ms  0/54 (0%)  
[  5]  11.60-11.70  sec  58.0 KBytes  4.75 Mbits/sec  4.189 ms  1/42 (2.4%)  
[  5]  11.70-11.80  sec  38.2 KBytes  3.13 Mbits/sec  5.459 ms  2/29 (6.9%)  
[  5]  11.80-11.90  sec  46.7 KBytes  3.82 Mbits/sec  4.209 ms  0/33 (0%)  
[  5]  11.90-12.00  sec  59.4 KBytes  4.87 Mbits/sec  3.612 ms  1/43 (2.3%)  
[  5]  12.00-12.10  sec  55.1 KBytes  4.52 Mbits/sec  3.874 ms  1/40 (2.5%)  
[  5]  12.10-12.20  sec  83.4 KBytes  6.84 Mbits/sec  3.042 ms  0/59 (0%)  
[  5]  12.20-12.30  sec  73.5 KBytes  6.02 Mbits/sec  3.160 ms  0/52 (0%)  
[  5]  12.30-12.40  sec   102 KBytes  8.33 Mbits/sec  2.654 ms  0/72 (0%)  
[  5]  12.40-12.50  sec  76.4 KBytes  6.26 Mbits/sec  3.707 ms  0/54 (0%)  
[  5]  12.50-12.60  sec  99.0 KBytes  8.11 Mbits/sec  1.677 ms  0/70 (0%)  
[  5]  12.60-12.70  sec  48.1 KBytes  3.94 Mbits/sec  5.008 ms  0/34 (0%)  
[  5]  12.60-12.70  sec  48.1 KBytes  3.94 Mbits/sec  5.008 ms  0/34 (0%)  
- - - - - - - - - - - - - - - - - - - - - - - - -
[ ID] Interval           Transfer     Bandwidth       Jitter    Lost/Total Datagrams
[  5]   0.00-12.70  sec  0.00 Bytes  0.00 bits/sec  3.278 ms  68/6395 (1.1%)  

