-----------------------------------------------------------
Server listening on 5201
-----------------------------------------------------------
Accepted connection from 192.168.50.225, port 49518
[  5] local 192.168.50.46 port 5201 connected to 192.168.50.225 port 43403
[ ID] Interval           Transfer     Bandwidth       Jitter    Lost/Total Datagrams
[  5]   0.00-0.10   sec  14.1 KBytes  1.16 Mbits/sec  60593489640.561 ms  0/10 (0%)  
[  5]   0.10-0.20   sec  72.1 KBytes  5.91 Mbits/sec  2254037108.479 ms  0/51 (0%)  
[  5]   0.20-0.30   sec  55.1 KBytes  4.52 Mbits/sec  181903413.295 ms  0/39 (0%)  
[  5]   0.30-0.40   sec  25.5 KBytes  2.09 Mbits/sec  56927728.830 ms  0/18 (0%)  
[  5]   0.40-0.50   sec  29.7 KBytes  2.43 Mbits/sec  14679822.214 ms  0/21 (0%)  
[  5]   0.50-0.60   sec  11.3 KBytes   927 Kbits/sec  8759738.949 ms  0/8 (0%)  
[  5]   0.60-0.70   sec  15.6 KBytes  1.28 Mbits/sec  4307007.056 ms  0/11 (0%)  
[  5]   0.70-0.80   sec  24.0 KBytes  1.97 Mbits/sec  1437767.657 ms  0/17 (0%)  
[  5]   0.80-0.90   sec  29.7 KBytes  2.43 Mbits/sec  370761.093 ms  0/21 (0%)  
[  5]   0.90-1.00   sec  18.4 KBytes  1.51 Mbits/sec  160229.223 ms  0/13 (0%)  
[  5]   1.00-1.10   sec  21.2 KBytes  1.74 Mbits/sec  60859.972 ms  0/15 (0%)  
[  5]   1.10-1.20   sec  32.5 KBytes  2.66 Mbits/sec  13797.982 ms  0/23 (0%)  
[  5]   1.20-1.30   sec  32.5 KBytes  2.66 Mbits/sec  3131.141 ms  0/23 (0%)  
[  5]   1.30-1.40   sec  25.5 KBytes  2.09 Mbits/sec  983.240 ms  0/18 (0%)  
[  5]   1.40-1.50   sec  19.8 KBytes  1.62 Mbits/sec  401.126 ms  0/14 (0%)  
[  5]   1.50-1.60   sec  29.7 KBytes  2.43 Mbits/sec  107.342 ms  0/21 (0%)  
[  5]   1.60-1.70   sec  29.7 KBytes  2.43 Mbits/sec  33.908 ms  0/21 (0%)  
[  5]   1.70-1.80   sec  33.9 KBytes  2.78 Mbits/sec  10.894 ms  0/24 (0%)  
[  5]   1.80-1.90   sec  12.7 KBytes  1.04 Mbits/sec  11.426 ms  0/9 (0%)  
[  5]   1.90-2.00   sec  38.2 KBytes  3.13 Mbits/sec  7.288 ms  0/27 (0%)  
[  5]   2.00-2.10   sec  15.6 KBytes  1.27 Mbits/sec  6.791 ms  0/11 (0%)  
[  5]   2.10-2.20   sec  8.48 KBytes   695 Kbits/sec  9.394 ms  0/6 (0%)  
[  5]   2.20-2.30   sec  15.6 KBytes  1.27 Mbits/sec  10.166 ms  0/11 (0%)  
[  5]   2.30-2.40   sec  32.5 KBytes  2.66 Mbits/sec  6.903 ms  0/23 (0%)  
[  5]   2.40-2.50   sec  38.2 KBytes  3.13 Mbits/sec  6.808 ms  0/27 (0%)  
[  5]   2.50-2.60   sec  25.5 KBytes  2.09 Mbits/sec  4.649 ms  0/18 (0%)  
[  5]   2.60-2.70   sec  14.1 KBytes  1.16 Mbits/sec  6.736 ms  0/10 (0%)  
[  5]   2.70-2.80   sec  25.5 KBytes  2.09 Mbits/sec  5.607 ms  0/18 (0%)  
[  5]   2.80-2.90   sec  29.7 KBytes  2.43 Mbits/sec  7.787 ms  0/21 (0%)  
[  5]   2.90-3.00   sec  55.1 KBytes  4.52 Mbits/sec  4.563 ms  0/39 (0%)  
[  5]   3.00-3.10   sec  43.8 KBytes  3.59 Mbits/sec  2.713 ms  0/31 (0%)  
[  5]   3.10-3.20   sec  19.8 KBytes  1.62 Mbits/sec  4.429 ms  0/14 (0%)  
[  5]   3.20-3.30   sec  32.5 KBytes  2.66 Mbits/sec  3.311 ms  0/23 (0%)  
[  5]   3.30-3.40   sec  26.9 KBytes  2.20 Mbits/sec  4.588 ms  0/19 (0%)  
[  5]   3.40-3.50   sec  25.5 KBytes  2.09 Mbits/sec  4.691 ms  0/18 (0%)  
[  5]   3.50-3.60   sec  26.9 KBytes  2.20 Mbits/sec  5.436 ms  0/19 (0%)  
[  5]   3.60-3.70   sec  33.9 KBytes  2.78 Mbits/sec  4.638 ms  0/24 (0%)  
[  5]   3.70-3.80   sec  7.07 KBytes   579 Kbits/sec  9.414 ms  0/5 (0%)  
[  5]   3.80-3.90   sec  0.00 Bytes  0.00 bits/sec  9.414 ms  0/0 (0%)  
[  5]   3.90-4.00   sec  18.4 KBytes  1.51 Mbits/sec  8.912 ms  0/13 (0%)  
[  5]   4.00-4.10   sec  36.8 KBytes  3.01 Mbits/sec  4.770 ms  0/26 (0%)  
[  5]   4.10-4.20   sec  38.2 KBytes  3.13 Mbits/sec  6.200 ms  0/27 (0%)  
[  5]   4.20-4.30   sec  21.2 KBytes  1.74 Mbits/sec  6.099 ms  0/15 (0%)  
[  5]   4.30-4.40   sec  83.4 KBytes  6.83 Mbits/sec  2.765 ms  0/59 (0%)  
[  5]   4.40-4.50   sec  31.1 KBytes  2.55 Mbits/sec  3.380 ms  0/22 (0%)  
[  5]   4.50-4.60   sec  28.3 KBytes  2.32 Mbits/sec  6.365 ms  0/20 (0%)  
[  5]   4.60-4.70   sec  33.9 KBytes  2.78 Mbits/sec  6.349 ms  0/24 (0%)  
[  5]   4.70-4.80   sec  56.6 KBytes  4.63 Mbits/sec  3.623 ms  0/40 (0%)  
[  5]   4.80-4.90   sec  24.0 KBytes  1.97 Mbits/sec  5.884 ms  0/17 (0%)  
[  5]   4.90-5.00   sec  21.2 KBytes  1.74 Mbits/sec  4.561 ms  0/15 (0%)  
[  5]   5.00-5.10   sec  15.6 KBytes  1.27 Mbits/sec  7.689 ms  0/11 (0%)  
[  5]   5.10-5.20   sec  31.1 KBytes  2.55 Mbits/sec  8.125 ms  0/22 (0%)  
[  5]   5.20-5.30   sec  2.83 KBytes   232 Kbits/sec  7.146 ms  0/2 (0%)  
[  5]   5.30-5.40   sec  0.00 Bytes  0.00 bits/sec  7.146 ms  0/0 (0%)  
[  5]   5.40-5.50   sec  0.00 Bytes  0.00 bits/sec  7.146 ms  0/0 (0%)  
[  5]   5.50-5.60   sec  11.3 KBytes   927 Kbits/sec  18.905 ms  2/10 (20%)  
[  5]   5.60-5.70   sec  11.3 KBytes   927 Kbits/sec  18.296 ms  0/8 (0%)  
[  5]   5.70-5.80   sec  19.8 KBytes  1.62 Mbits/sec  11.922 ms  0/14 (0%)  
[  5]   5.80-5.90   sec  17.0 KBytes  1.39 Mbits/sec  10.738 ms  0/12 (0%)  
[  5]   5.90-6.00   sec  25.5 KBytes  2.09 Mbits/sec  19.064 ms  0/18 (0%)  
[  5]   6.00-6.10   sec  21.2 KBytes  1.74 Mbits/sec  11.941 ms  0/15 (0%)  
[  5]   6.10-6.20   sec  4.24 KBytes   348 Kbits/sec  18.540 ms  1/4 (25%)  
[  5]   6.20-6.30   sec  12.7 KBytes  1.04 Mbits/sec  13.430 ms  0/9 (0%)  
[  5]   6.30-6.40   sec  17.0 KBytes  1.39 Mbits/sec  12.107 ms  0/12 (0%)  
[  5]   6.40-6.50   sec  18.4 KBytes  1.51 Mbits/sec  9.509 ms  0/13 (0%)  
[  5]   6.50-6.60   sec  31.1 KBytes  2.55 Mbits/sec  10.488 ms  0/22 (0%)  
[  5]   6.60-6.70   sec  29.7 KBytes  2.43 Mbits/sec  7.564 ms  0/21 (0%)  
[  5]   6.70-6.80   sec  31.1 KBytes  2.55 Mbits/sec  4.083 ms  0/22 (0%)  
[  5]   6.80-6.90   sec  19.8 KBytes  1.62 Mbits/sec  6.040 ms  0/14 (0%)  
[  5]   6.90-7.00   sec  8.48 KBytes   695 Kbits/sec  7.214 ms  0/6 (0%)  
[  5]   7.00-7.10   sec  9.90 KBytes   811 Kbits/sec  9.415 ms  0/7 (0%)  
[  5]   7.10-7.20   sec  11.3 KBytes   927 Kbits/sec  9.595 ms  0/8 (0%)  
[  5]   7.20-7.30   sec  31.1 KBytes  2.55 Mbits/sec  7.327 ms  0/22 (0%)  
[  5]   7.30-7.40   sec  33.9 KBytes  2.78 Mbits/sec  10.249 ms  0/24 (0%)  
[  5]   7.40-7.50   sec  18.4 KBytes  1.51 Mbits/sec  7.877 ms  0/13 (0%)  
[  5]   7.50-7.60   sec  4.24 KBytes   348 Kbits/sec  13.223 ms  0/3 (0%)  
[  5]   7.60-7.70   sec  15.6 KBytes  1.27 Mbits/sec  10.428 ms  0/11 (0%)  
[  5]   7.70-7.80   sec  15.6 KBytes  1.27 Mbits/sec  10.407 ms  0/11 (0%)  
[  5]   7.80-7.90   sec  43.8 KBytes  3.59 Mbits/sec  11.489 ms  0/31 (0%)  
[  5]   7.90-8.00   sec  24.0 KBytes  1.97 Mbits/sec  10.601 ms  0/17 (0%)  
[  5]   8.00-8.10   sec  21.2 KBytes  1.74 Mbits/sec  7.444 ms  0/15 (0%)  
[  5]   8.10-8.20   sec  21.2 KBytes  1.74 Mbits/sec  5.868 ms  0/15 (0%)  
[  5]   8.20-8.30   sec  31.1 KBytes  2.55 Mbits/sec  9.027 ms  0/22 (0%)  
[  5]   8.30-8.40   sec  46.7 KBytes  3.82 Mbits/sec  4.839 ms  0/33 (0%)  
[  5]   8.40-8.50   sec  22.6 KBytes  1.85 Mbits/sec  3.366 ms  0/16 (0%)  
[  5]   8.50-8.60   sec  9.90 KBytes   811 Kbits/sec  8.672 ms  0/7 (0%)  
[  5]   8.60-8.70   sec  2.83 KBytes   232 Kbits/sec  13.796 ms  1/3 (33%)  
[  5]   8.70-8.80   sec  22.6 KBytes  1.85 Mbits/sec  9.323 ms  0/16 (0%)  
[  5]   8.80-8.90   sec  32.5 KBytes  2.66 Mbits/sec  8.806 ms  0/23 (0%)  
[  5]   8.90-9.00   sec  63.6 KBytes  5.22 Mbits/sec  6.097 ms  0/45 (0%)  
[  5]   9.00-9.10   sec  18.4 KBytes  1.50 Mbits/sec  3.585 ms  0/13 (0%)  
[  5]   9.10-9.20   sec  19.8 KBytes  1.62 Mbits/sec  5.843 ms  0/14 (0%)  
[  5]   9.20-9.30   sec  18.4 KBytes  1.51 Mbits/sec  5.557 ms  0/13 (0%)  
[  5]   9.30-9.40   sec  14.1 KBytes  1.16 Mbits/sec  7.423 ms  0/10 (0%)  
[  5]   9.40-9.50   sec  18.4 KBytes  1.51 Mbits/sec  8.554 ms  0/13 (0%)  
[  5]   9.50-9.60   sec  45.2 KBytes  3.71 Mbits/sec  7.255 ms  0/32 (0%)  
[  5]   9.60-9.70   sec  14.1 KBytes  1.16 Mbits/sec  9.306 ms  0/10 (0%)  
[  5]   9.70-9.80   sec  24.0 KBytes  1.97 Mbits/sec  6.486 ms  0/17 (0%)  
[  5]   9.80-9.90   sec  50.9 KBytes  4.17 Mbits/sec  7.450 ms  0/36 (0%)  
[  5]   9.90-10.00  sec  17.0 KBytes  1.39 Mbits/sec  8.446 ms  0/12 (0%)  
[  5]  10.00-10.10  sec  8.48 KBytes   695 Kbits/sec  9.496 ms  0/6 (0%)  
[  5]  10.10-10.20  sec  14.1 KBytes  1.16 Mbits/sec  8.874 ms  0/10 (0%)  
[  5]  10.20-10.30  sec  26.9 KBytes  2.20 Mbits/sec  5.312 ms  0/19 (0%)  
[  5]  10.30-10.40  sec  14.1 KBytes  1.16 Mbits/sec  6.840 ms  0/10 (0%)  
[  5]  10.40-10.50  sec  15.6 KBytes  1.27 Mbits/sec  9.522 ms  0/11 (0%)  
[  5]  10.50-10.60  sec  29.7 KBytes  2.43 Mbits/sec  6.855 ms  0/21 (0%)  
[  5]  10.60-10.70  sec  21.2 KBytes  1.74 Mbits/sec  7.098 ms  0/15 (0%)  
[  5]  10.70-10.80  sec  2.83 KBytes   232 Kbits/sec  9.489 ms  0/2 (0%)  
[  5]  10.80-10.90  sec  9.90 KBytes   811 Kbits/sec  13.995 ms  0/7 (0%)  
[  5]  10.90-11.00  sec  29.7 KBytes  2.43 Mbits/sec  8.183 ms  0/21 (0%)  
[  5]  11.00-11.10  sec  43.8 KBytes  3.59 Mbits/sec  10.765 ms  0/31 (0%)  
[  5]  11.10-11.20  sec  50.9 KBytes  4.17 Mbits/sec  4.424 ms  0/36 (0%)  
[  5]  11.20-11.30  sec  33.9 KBytes  2.78 Mbits/sec  4.137 ms  0/24 (0%)  
[  5]  11.30-11.40  sec  26.9 KBytes  2.20 Mbits/sec  3.177 ms  0/19 (0%)  
[  5]  11.40-11.50  sec  4.24 KBytes   348 Kbits/sec  8.668 ms  0/3 (0%)  
[  5]  11.50-11.60  sec  32.5 KBytes  2.66 Mbits/sec  4.690 ms  0/23 (0%)  
[  5]  11.60-11.70  sec  15.6 KBytes  1.27 Mbits/sec  6.614 ms  0/11 (0%)  
[  5]  11.70-11.80  sec  50.9 KBytes  4.17 Mbits/sec  4.660 ms  0/36 (0%)  
[  5]  11.80-11.90  sec  15.6 KBytes  1.27 Mbits/sec  4.787 ms  0/11 (0%)  
[  5]  11.90-12.00  sec  11.3 KBytes   927 Kbits/sec  9.284 ms  0/8 (0%)  
[  5]  12.00-12.10  sec  36.8 KBytes  3.01 Mbits/sec  3.438 ms  0/26 (0%)  
[  5]  12.10-12.20  sec  56.6 KBytes  4.63 Mbits/sec  4.352 ms  0/40 (0%)  
[  5]  12.20-12.30  sec  32.5 KBytes  2.66 Mbits/sec  4.132 ms  0/23 (0%)  
[  5]  12.30-12.40  sec  15.6 KBytes  1.27 Mbits/sec  7.257 ms  0/11 (0%)  
[  5]  12.40-12.50  sec  17.0 KBytes  1.39 Mbits/sec  6.869 ms  0/12 (0%)  
[  5]  12.50-12.60  sec  66.5 KBytes  5.44 Mbits/sec  6.954 ms  0/47 (0%)  
[  5]  12.60-12.70  sec  28.3 KBytes  2.32 Mbits/sec  4.713 ms  0/20 (0%)  
[  5]  12.70-12.80  sec  38.2 KBytes  3.13 Mbits/sec  3.781 ms  0/27 (0%)  
[  5]  12.80-12.90  sec  19.8 KBytes  1.62 Mbits/sec  4.025 ms  0/14 (0%)  
[  5]  12.90-13.00  sec  26.9 KBytes  2.20 Mbits/sec  4.146 ms  0/19 (0%)  
[  5]  13.00-13.10  sec  38.2 KBytes  3.13 Mbits/sec  4.194 ms  0/27 (0%)  
[  5]  13.10-13.20  sec  39.6 KBytes  3.24 Mbits/sec  4.458 ms  0/28 (0%)  
[  5]  13.20-13.30  sec  9.90 KBytes   811 Kbits/sec  8.303 ms  0/7 (0%)  
[  5]  13.30-13.40  sec  38.2 KBytes  3.13 Mbits/sec  3.936 ms  0/27 (0%)  
[  5]  13.40-13.50  sec  56.6 KBytes  4.63 Mbits/sec  3.685 ms  0/40 (0%)  
[  5]  13.50-13.60  sec  8.48 KBytes   695 Kbits/sec  7.580 ms  0/6 (0%)  
[  5]  13.60-13.70  sec  22.6 KBytes  1.85 Mbits/sec  6.007 ms  0/16 (0%)  
[  5]  13.70-13.80  sec   100 KBytes  8.22 Mbits/sec  2.554 ms  0/71 (0%)  
[  5]  13.80-13.90  sec  17.0 KBytes  1.39 Mbits/sec  2.765 ms  0/12 (0%)  
[  5]  13.90-14.00  sec  24.0 KBytes  1.97 Mbits/sec  4.995 ms  0/17 (0%)  
[  5]  14.00-14.10  sec  17.0 KBytes  1.39 Mbits/sec  5.904 ms  0/12 (0%)  
[  5]  14.10-14.20  sec  49.5 KBytes  4.05 Mbits/sec  5.379 ms  0/35 (0%)  
[  5]  14.20-14.30  sec  25.5 KBytes  2.09 Mbits/sec  5.963 ms  0/18 (0%)  
[  5]  14.30-14.40  sec  28.3 KBytes  2.32 Mbits/sec  4.054 ms  0/20 (0%)  
[  5]  14.40-14.50  sec  35.4 KBytes  2.90 Mbits/sec  3.913 ms  0/25 (0%)  
[  5]  14.50-14.60  sec  25.5 KBytes  2.09 Mbits/sec  5.345 ms  0/18 (0%)  
[  5]  14.60-14.70  sec  11.3 KBytes   927 Kbits/sec  8.730 ms  0/8 (0%)  
[  5]  14.70-14.80  sec  43.8 KBytes  3.59 Mbits/sec  4.703 ms  0/31 (0%)  
[  5]  14.80-14.90  sec  11.3 KBytes   927 Kbits/sec  9.253 ms  0/8 (0%)  
[  5]  14.90-15.00  sec  15.6 KBytes  1.27 Mbits/sec  10.111 ms  0/11 (0%)  
[  5]  15.00-15.10  sec  11.3 KBytes   927 Kbits/sec  9.853 ms  0/8 (0%)  
[  5]  15.10-15.20  sec  9.90 KBytes   811 Kbits/sec  9.555 ms  0/7 (0%)  
[  5]  15.20-15.30  sec  17.0 KBytes  1.39 Mbits/sec  8.113 ms  0/12 (0%)  
[  5]  15.30-15.40  sec  0.00 Bytes  0.00 bits/sec  8.113 ms  0/0 (0%)  
[  5]  15.40-15.50  sec  0.00 Bytes  0.00 bits/sec  8.113 ms  0/0 (0%)  
[  5]  15.50-15.60  sec  0.00 Bytes  0.00 bits/sec  8.113 ms  0/0 (0%)  
[  5]  15.60-15.70  sec  0.00 Bytes  0.00 bits/sec  8.113 ms  0/0 (0%)  
[  5]  15.70-15.80  sec  0.00 Bytes  0.00 bits/sec  8.113 ms  0/0 (0%)  
[  5]  15.80-15.90  sec  31.1 KBytes  2.55 Mbits/sec  16.584 ms  3/25 (12%)  
[  5]  15.90-16.00  sec  22.6 KBytes  1.85 Mbits/sec  10.401 ms  0/16 (0%)  
[  5]  16.00-16.10  sec  24.0 KBytes  1.97 Mbits/sec  20.100 ms  0/17 (0%)  
[  5]  16.10-16.20  sec  21.2 KBytes  1.74 Mbits/sec  21.301 ms  0/15 (0%)  
[  5]  16.20-16.30  sec  32.5 KBytes  2.66 Mbits/sec  7.906 ms  0/23 (0%)  
[  5]  16.30-16.40  sec  24.0 KBytes  1.97 Mbits/sec  10.322 ms  0/17 (0%)  
[  5]  16.40-16.50  sec  14.1 KBytes  1.16 Mbits/sec  9.244 ms  0/10 (0%)  
[  5]  16.50-16.60  sec  29.7 KBytes  2.43 Mbits/sec  6.068 ms  0/21 (0%)  
[  5]  16.60-16.70  sec  38.2 KBytes  3.13 Mbits/sec  5.909 ms  0/27 (0%)  
[  5]  16.70-16.80  sec  8.48 KBytes   695 Kbits/sec  6.860 ms  0/6 (0%)  
[  5]  16.80-16.90  sec  2.83 KBytes   232 Kbits/sec  9.755 ms  0/2 (0%)  
[  5]  16.90-17.00  sec  8.48 KBytes   695 Kbits/sec  10.656 ms  0/6 (0%)  
[  5]  17.00-17.10  sec  0.00 Bytes  0.00 bits/sec  10.656 ms  0/0 (0%)  
[  5]  17.10-17.20  sec  0.00 Bytes  0.00 bits/sec  10.656 ms  0/0 (0%)  
[  5]  17.20-17.30  sec  0.00 Bytes  0.00 bits/sec  10.656 ms  0/0 (0%)  
[  5]  17.30-17.40  sec  0.00 Bytes  0.00 bits/sec  10.656 ms  0/0 (0%)  
[  5]  17.40-17.50  sec  21.2 KBytes  1.74 Mbits/sec  20.284 ms  4/19 (21%)  
[  5]  17.50-17.60  sec  35.4 KBytes  2.90 Mbits/sec  16.707 ms  0/25 (0%)  
[  5]  17.60-17.70  sec  5.66 KBytes   463 Kbits/sec  24.755 ms  0/4 (0%)  
[  5]  17.70-17.80  sec  59.4 KBytes  4.87 Mbits/sec  7.724 ms  0/42 (0%)  
[  5]  17.80-17.90  sec  59.4 KBytes  4.87 Mbits/sec  3.576 ms  0/42 (0%)  
[  5]  17.90-18.00  sec  4.24 KBytes   348 Kbits/sec  10.299 ms  2/5 (40%)  
[  5]  18.00-18.10  sec  8.48 KBytes   695 Kbits/sec  7.434 ms  0/6 (0%)  
[  5]  18.10-18.20  sec  14.1 KBytes  1.16 Mbits/sec  9.301 ms  0/10 (0%)  
[  5]  18.20-18.30  sec  15.6 KBytes  1.27 Mbits/sec  9.890 ms  0/11 (0%)  
[  5]  18.30-18.40  sec  0.00 Bytes  0.00 bits/sec  9.890 ms  0/0 (0%)  
[  5]  18.40-18.50  sec  8.48 KBytes   695 Kbits/sec  16.976 ms  1/7 (14%)  
[  5]  18.50-18.60  sec  24.0 KBytes  1.97 Mbits/sec  12.112 ms  0/17 (0%)  
[  5]  18.60-18.70  sec  24.0 KBytes  1.97 Mbits/sec  10.787 ms  0/17 (0%)  
[  5]  18.70-18.80  sec  28.3 KBytes  2.32 Mbits/sec  13.274 ms  0/20 (0%)  
[  5]  18.80-18.90  sec  46.7 KBytes  3.82 Mbits/sec  7.028 ms  0/33 (0%)  
[  5]  18.90-19.00  sec  9.90 KBytes   811 Kbits/sec  8.695 ms  0/7 (0%)  
[  5]  19.00-19.10  sec  36.8 KBytes  3.01 Mbits/sec  4.116 ms  0/26 (0%)  
[  5]  19.10-19.20  sec  24.0 KBytes  1.97 Mbits/sec  6.073 ms  0/17 (0%)  
[  5]  19.20-19.30  sec  24.0 KBytes  1.97 Mbits/sec  4.494 ms  0/17 (0%)  
[  5]  19.30-19.40  sec  32.5 KBytes  2.66 Mbits/sec  4.937 ms  0/23 (0%)  
[  5]  19.40-19.50  sec  32.5 KBytes  2.66 Mbits/sec  4.659 ms  0/23 (0%)  
[  5]  19.50-19.60  sec  12.7 KBytes  1.04 Mbits/sec  6.246 ms  0/9 (0%)  
[  5]  19.60-19.70  sec  19.8 KBytes  1.62 Mbits/sec  6.718 ms  0/14 (0%)  
[  5]  19.70-19.80  sec  22.6 KBytes  1.85 Mbits/sec  6.273 ms  0/16 (0%)  
[  5]  19.80-19.90  sec  26.9 KBytes  2.20 Mbits/sec  7.691 ms  0/19 (0%)  
[  5]  19.90-20.00  sec  33.9 KBytes  2.78 Mbits/sec  7.209 ms  0/24 (0%)  
[  5]  20.00-20.10  sec  5.66 KBytes   463 Kbits/sec  6.368 ms  0/4 (0%)  
[  5]  20.10-20.18  sec  33.9 KBytes  3.46 Mbits/sec  4.033 ms  0/24 (0%)  
- - - - - - - - - - - - - - - - - - - - - - - - -
[ ID] Interval           Transfer     Bandwidth       Jitter    Lost/Total Datagrams
[  5]   0.00-20.18  sec  0.00 Bytes  0.00 bits/sec  4.033 ms  14/3459 (0.4%) 
