-----------------------------------------------------------
Server listening on 5201
-----------------------------------------------------------
Accepted connection from 192.168.50.41, port 51200
[  5] local 192.168.50.46 port 5201 connected to 192.168.50.41 port 59862
[ ID] Interval           Transfer     Bandwidth       Jitter    Lost/Total Datagrams
[  5]   0.00-0.10   sec  0.00 Bytes  0.00 bits/sec  0.000 ms  0/0 (0%)  
[  5]   0.10-0.20   sec  26.9 KBytes  2.20 Mbits/sec  33897615130.563 ms  0/19 (0%)  
[  5]   0.20-0.30   sec  11.3 KBytes   927 Kbits/sec  20227367069.877 ms  0/8 (0%)  
[  5]   0.30-0.40   sec  28.3 KBytes  2.32 Mbits/sec  5563715110.828 ms  0/20 (0%)  
[  5]   0.40-0.50   sec  22.6 KBytes  1.85 Mbits/sec  1981095023.025 ms  0/16 (0%)  
[  5]   0.50-0.60   sec   107 KBytes  8.80 Mbits/sec  14679879.195 ms  0/76 (0%)  
[  5]   0.60-0.70   sec  21.2 KBytes  1.74 Mbits/sec  5575604.468 ms  0/15 (0%)  
[  5]   0.70-0.80   sec  21.2 KBytes  1.74 Mbits/sec  2117687.553 ms  0/15 (0%)  
[  5]   0.80-0.90   sec  77.8 KBytes  6.37 Mbits/sec  60858.298 ms  0/55 (0%)  
[  5]   0.90-1.00   sec  18.4 KBytes  1.51 Mbits/sec  26306.479 ms  0/13 (0%)  
[  5]   1.00-1.10   sec  8.48 KBytes   695 Kbits/sec  17865.313 ms  0/6 (0%)  
[  5]   1.10-1.20   sec  25.5 KBytes  2.09 Mbits/sec  5594.637 ms  0/18 (0%)  
[  5]   1.20-1.30   sec   105 KBytes  8.57 Mbits/sec  55.493 ms  0/74 (0%)  
[  5]   1.30-1.40   sec  0.00 Bytes  0.00 bits/sec  55.493 ms  0/0 (0%)  
[  5]   1.40-1.50   sec  0.00 Bytes  0.00 bits/sec  55.493 ms  0/0 (0%)  
[  5]   1.50-1.60   sec  80.6 KBytes  6.61 Mbits/sec  2.763 ms  0/57 (0%)  
[  5]   1.60-1.70   sec  43.8 KBytes  3.59 Mbits/sec  13.107 ms  0/31 (0%)  
[  5]   1.70-1.80   sec  8.48 KBytes   695 Kbits/sec  13.049 ms  0/6 (0%)  
[  5]   1.80-1.90   sec  4.24 KBytes   347 Kbits/sec  16.146 ms  0/3 (0%)  
[  5]   1.90-2.00   sec  82.0 KBytes  6.72 Mbits/sec  5.073 ms  0/58 (0%)  
[  5]   2.00-2.10   sec  19.8 KBytes  1.62 Mbits/sec  6.700 ms  0/14 (0%)  
[  5]   2.10-2.20   sec  1.41 KBytes   116 Kbits/sec  9.775 ms  0/1 (0%)  
[  5]   2.20-2.30   sec  18.4 KBytes  1.51 Mbits/sec  9.951 ms  0/13 (0%)  
[  5]   2.30-2.40   sec  50.9 KBytes  4.17 Mbits/sec  6.512 ms  0/36 (0%)  
[  5]   2.40-2.50   sec  9.90 KBytes   811 Kbits/sec  5.128 ms  0/7 (0%)  
[  5]   2.50-2.60   sec  0.00 Bytes  0.00 bits/sec  5.128 ms  0/0 (0%)  
[  5]   2.60-2.70   sec  0.00 Bytes  0.00 bits/sec  5.128 ms  0/0 (0%)  
[  5]   2.70-2.80   sec  17.0 KBytes  1.39 Mbits/sec  14.379 ms  0/12 (0%)  
[  5]   2.80-2.90   sec  0.00 Bytes  0.00 bits/sec  14.379 ms  0/0 (0%)  
[  5]   2.90-3.00   sec  4.24 KBytes   348 Kbits/sec  19.366 ms  0/3 (0%)  
[  5]   3.00-3.10   sec  0.00 Bytes  0.00 bits/sec  19.366 ms  0/0 (0%)  
[  5]   3.10-3.20   sec  12.7 KBytes  1.04 Mbits/sec  21.975 ms  0/9 (0%)  
[  5]   3.20-3.30   sec  12.7 KBytes  1.04 Mbits/sec  13.874 ms  0/9 (0%)  
[  5]   3.30-3.40   sec  43.8 KBytes  3.59 Mbits/sec  2.609 ms  0/31 (0%)  
[  5]   3.40-3.50   sec  9.90 KBytes   811 Kbits/sec  5.564 ms  0/7 (0%)  
[  5]   3.50-3.60   sec  0.00 Bytes  0.00 bits/sec  5.564 ms  0/0 (0%)  
[  5]   3.60-3.70   sec  0.00 Bytes  0.00 bits/sec  5.564 ms  0/0 (0%)  
[  5]   3.70-3.80   sec  0.00 Bytes  0.00 bits/sec  5.564 ms  0/0 (0%)  
[  5]   3.80-3.90   sec  0.00 Bytes  0.00 bits/sec  5.564 ms  0/0 (0%)  
[  5]   3.90-4.00   sec  1.41 KBytes   116 Kbits/sec  31.528 ms  0/1 (0%)  
[  5]   4.00-4.10   sec  5.66 KBytes   463 Kbits/sec  30.644 ms  0/4 (0%)  
[  5]   4.10-4.20   sec  15.6 KBytes  1.27 Mbits/sec  34.306 ms  0/11 (0%)  
[  5]   4.20-4.30   sec  8.48 KBytes   695 Kbits/sec  28.617 ms  0/6 (0%)  
[  5]   4.30-4.40   sec  11.3 KBytes   927 Kbits/sec  30.028 ms  0/8 (0%)  
[  5]   4.40-4.50   sec  66.5 KBytes  5.45 Mbits/sec  7.526 ms  0/47 (0%)  
[  5]   4.50-4.60   sec  2.83 KBytes   232 Kbits/sec  9.605 ms  0/2 (0%)  
[  5]   4.60-4.70   sec  0.00 Bytes  0.00 bits/sec  9.605 ms  0/0 (0%)  
[  5]   4.70-4.80   sec  0.00 Bytes  0.00 bits/sec  9.605 ms  0/0 (0%)  
[  5]   4.80-4.90   sec  17.0 KBytes  1.39 Mbits/sec  41.900 ms  0/12 (0%)  
[  5]   4.90-5.00   sec  18.4 KBytes  1.51 Mbits/sec  27.898 ms  0/13 (0%)  
[  5]   5.00-5.10   sec  0.00 Bytes  0.00 bits/sec  27.898 ms  0/0 (0%)  
[  5]   5.10-5.20   sec  2.83 KBytes   232 Kbits/sec  30.643 ms  3/5 (60%)  
[  5]   5.20-5.30   sec  4.24 KBytes   348 Kbits/sec  31.347 ms  0/3 (0%)  
[  5]   5.30-5.40   sec  91.9 KBytes  7.53 Mbits/sec  11.270 ms  0/65 (0%)  
[  5]   5.40-5.50   sec  0.00 Bytes  0.00 bits/sec  11.270 ms  0/0 (0%)  
[  5]   5.50-5.60   sec   112 KBytes  9.16 Mbits/sec  2.248 ms  0/79 (0%)  
[  5]   5.60-5.70   sec  49.5 KBytes  4.05 Mbits/sec  3.378 ms  0/35 (0%)  
[  5]   5.70-5.80   sec  21.2 KBytes  1.74 Mbits/sec  4.417 ms  0/15 (0%)  
[  5]   5.80-5.90   sec  0.00 Bytes  0.00 bits/sec  4.417 ms  0/0 (0%)  
[  5]   5.90-6.00   sec  0.00 Bytes  0.00 bits/sec  4.417 ms  0/0 (0%)  
[  5]   6.00-6.10   sec  0.00 Bytes  0.00 bits/sec  4.417 ms  0/0 (0%)  
[  5]   6.10-6.20   sec  93.3 KBytes  7.65 Mbits/sec  2.415 ms  0/66 (0%)  
[  5]   6.20-6.30   sec  31.1 KBytes  2.55 Mbits/sec  15.560 ms  0/22 (0%)  
[  5]   6.30-6.40   sec  11.3 KBytes   927 Kbits/sec  15.716 ms  0/8 (0%)  
[  5]   6.40-6.50   sec  5.66 KBytes   463 Kbits/sec  17.051 ms  0/4 (0%)  
[  5]   6.50-6.60   sec  62.2 KBytes  5.10 Mbits/sec  2.610 ms  0/44 (0%)  
[  5]   6.60-6.70   sec  99.0 KBytes  8.11 Mbits/sec  2.787 ms  0/70 (0%)  
[  5]   6.70-6.80   sec  50.9 KBytes  4.17 Mbits/sec  4.819 ms  0/36 (0%)  
[  5]   6.80-6.90   sec  21.2 KBytes  1.74 Mbits/sec  6.413 ms  0/15 (0%)  
[  5]   6.90-7.00   sec  82.0 KBytes  6.72 Mbits/sec  2.018 ms  0/58 (0%)  
[  5]   7.00-7.10   sec   119 KBytes  9.73 Mbits/sec  2.188 ms  0/84 (0%)  
[  5]   7.10-7.20   sec  72.1 KBytes  5.91 Mbits/sec  1.075 ms  0/51 (0%)  
[  5]   7.20-7.30   sec   105 KBytes  8.57 Mbits/sec  2.914 ms  0/74 (0%)  
[  5]   7.30-7.40   sec  74.9 KBytes  6.14 Mbits/sec  1.292 ms  0/53 (0%)  
[  5]   7.40-7.50   sec  39.6 KBytes  3.25 Mbits/sec  3.513 ms  0/28 (0%)  
[  5]   7.50-7.60   sec  90.5 KBytes  7.41 Mbits/sec  6.246 ms  0/64 (0%)  
[  5]   7.60-7.70   sec  53.7 KBytes  4.40 Mbits/sec  1.569 ms  0/38 (0%)  
[  5]   7.70-7.80   sec  5.66 KBytes   463 Kbits/sec  6.437 ms  0/4 (0%)  
[  5]   7.80-7.90   sec   103 KBytes  8.46 Mbits/sec  3.007 ms  0/73 (0%)  
[  5]   7.90-8.00   sec  80.6 KBytes  6.60 Mbits/sec  1.330 ms  0/57 (0%)  
[  5]   8.00-8.10   sec  0.00 Bytes  0.00 bits/sec  1.330 ms  0/0 (0%)  
[  5]   8.10-8.20   sec  62.2 KBytes  5.10 Mbits/sec  3.134 ms  0/44 (0%)  
[  5]   8.20-8.30   sec  59.4 KBytes  4.87 Mbits/sec  11.971 ms  0/42 (0%)  
[  5]   8.30-8.40   sec   100 KBytes  8.22 Mbits/sec  3.567 ms  0/71 (0%)  
[  5]   8.40-8.50   sec  4.24 KBytes   348 Kbits/sec  7.620 ms  0/3 (0%)  
[  5]   8.50-8.60   sec  15.6 KBytes  1.27 Mbits/sec  5.938 ms  0/11 (0%)  
[  5]   8.60-8.70   sec  22.6 KBytes  1.85 Mbits/sec  7.262 ms  0/16 (0%)  
[  5]   8.70-8.80   sec  0.00 Bytes  0.00 bits/sec  7.262 ms  0/0 (0%)  
[  5]   8.80-8.90   sec  87.7 KBytes  7.19 Mbits/sec  8.713 ms  0/62 (0%)  
[  5]   8.90-9.00   sec  58.0 KBytes  4.75 Mbits/sec  6.334 ms  0/41 (0%)  
[  5]   9.00-9.10   sec  72.1 KBytes  5.91 Mbits/sec  4.249 ms  0/51 (0%)  
[  5]   9.10-9.20   sec   154 KBytes  12.6 Mbits/sec  1.639 ms  0/109 (0%)  
[  5]   9.20-9.30   sec   136 KBytes  11.1 Mbits/sec  2.248 ms  0/96 (0%)  
[  5]   9.30-9.40   sec   119 KBytes  9.73 Mbits/sec  2.918 ms  0/84 (0%)  
[  5]   9.40-9.50   sec  8.48 KBytes   695 Kbits/sec  7.208 ms  0/6 (0%)  
[  5]   9.50-9.60   sec  49.5 KBytes  4.05 Mbits/sec  3.442 ms  0/35 (0%)  
[  5]   9.60-9.70   sec  15.6 KBytes  1.27 Mbits/sec  4.646 ms  0/11 (0%)  
[  5]   9.70-9.80   sec  90.5 KBytes  7.41 Mbits/sec  2.140 ms  0/64 (0%)  
[  5]   9.80-9.90   sec  22.6 KBytes  1.85 Mbits/sec  10.343 ms  0/16 (0%)  
[  5]   9.90-10.00  sec  0.00 Bytes  0.00 bits/sec  10.343 ms  0/0 (0%)  
[  5]  10.00-10.10  sec  0.00 Bytes  0.00 bits/sec  10.343 ms  0/0 (0%)  
[  5]  10.10-10.20  sec  74.9 KBytes  6.14 Mbits/sec  2.408 ms  0/53 (0%)  
[  5]  10.20-10.30  sec   102 KBytes  8.34 Mbits/sec  2.558 ms  0/72 (0%)  
[  5]  10.30-10.40  sec   115 KBytes  9.38 Mbits/sec  1.313 ms  0/81 (0%)  
[  5]  10.40-10.50  sec  38.2 KBytes  3.13 Mbits/sec  4.535 ms  0/27 (0%)  
[  5]  10.50-10.60  sec   147 KBytes  12.0 Mbits/sec  3.173 ms  0/104 (0%)  
[  5]  10.60-10.70  sec  43.8 KBytes  3.59 Mbits/sec  2.018 ms  0/31 (0%)  
[  5]  10.70-10.80  sec  99.0 KBytes  8.11 Mbits/sec  2.348 ms  0/70 (0%)  
[  5]  10.80-10.90  sec  36.8 KBytes  3.01 Mbits/sec  4.350 ms  0/26 (0%)  
[  5]  10.90-11.00  sec  28.3 KBytes  2.32 Mbits/sec  3.977 ms  0/20 (0%)  
[  5]  11.00-11.10  sec  11.3 KBytes   927 Kbits/sec  7.013 ms  0/8 (0%)  
[  5]  11.10-11.20  sec  0.00 Bytes  0.00 bits/sec  7.013 ms  0/0 (0%)  
[  5]  11.20-11.30  sec  46.7 KBytes  3.83 Mbits/sec  5.903 ms  0/33 (0%)  
[  5]  11.30-11.40  sec  94.7 KBytes  7.76 Mbits/sec  9.099 ms  0/67 (0%)  
[  5]  11.40-11.50  sec  53.7 KBytes  4.40 Mbits/sec  2.174 ms  0/38 (0%)  
[  5]  11.50-11.60  sec  67.9 KBytes  5.56 Mbits/sec  9.773 ms  0/48 (0%)  
[  5]  11.60-11.70  sec  19.8 KBytes  1.62 Mbits/sec  9.785 ms  0/14 (0%)  
[  5]  11.70-11.80  sec  63.6 KBytes  5.22 Mbits/sec  4.471 ms  0/45 (0%)  
[  5]  11.80-11.90  sec  49.5 KBytes  4.05 Mbits/sec  4.539 ms  0/35 (0%)  
[  5]  11.90-12.00  sec  4.24 KBytes   348 Kbits/sec  9.292 ms  0/3 (0%)  
[  5]  12.00-12.10  sec  0.00 Bytes  0.00 bits/sec  9.292 ms  0/0 (0%)  
[  5]  12.10-12.20  sec  0.00 Bytes  0.00 bits/sec  9.292 ms  0/0 (0%)  
[  5]  12.20-12.30  sec  1.41 KBytes   116 Kbits/sec  27.964 ms  0/1 (0%)  
[  5]  12.30-12.40  sec  35.4 KBytes  2.90 Mbits/sec  9.003 ms  0/25 (0%)  
[  5]  12.40-12.50  sec  2.83 KBytes   232 Kbits/sec  13.643 ms  0/2 (0%)  
[  5]  12.50-12.60  sec  39.6 KBytes  3.24 Mbits/sec  5.358 ms  0/28 (0%)  
[  5]  12.60-12.70  sec  0.00 Bytes  0.00 bits/sec  5.358 ms  0/0 (0%)  
[  5]  12.70-12.80  sec  0.00 Bytes  0.00 bits/sec  5.358 ms  0/0 (0%)  
[  5]  12.80-12.90  sec  0.00 Bytes  0.00 bits/sec  5.358 ms  0/0 (0%)  
[  5]  12.90-13.00  sec  0.00 Bytes  0.00 bits/sec  5.358 ms  0/0 (0%)  
[  5]  13.00-13.10  sec  4.24 KBytes   348 Kbits/sec  31.763 ms  0/3 (0%)  
[  5]  13.10-13.20  sec  9.90 KBytes   811 Kbits/sec  24.618 ms  0/7 (0%)  
[  5]  13.20-13.30  sec  0.00 Bytes  0.00 bits/sec  24.618 ms  0/0 (0%)  
[  5]  13.30-13.40  sec  5.66 KBytes   464 Kbits/sec  29.031 ms  0/4 (0%)  
[  5]  13.40-13.50  sec  7.07 KBytes   579 Kbits/sec  27.256 ms  0/5 (0%)  
[  5]  13.50-13.60  sec  43.8 KBytes  3.59 Mbits/sec  16.291 ms  0/31 (0%)  
[  5]  13.60-13.70  sec  0.00 Bytes  0.00 bits/sec  16.291 ms  0/0 (0%)  
[  5]  13.70-13.80  sec  24.0 KBytes  1.97 Mbits/sec  11.715 ms  0/17 (0%)  
[  5]  13.80-13.90  sec  5.66 KBytes   463 Kbits/sec  13.919 ms  0/4 (0%)  
[  5]  13.90-14.00  sec  63.6 KBytes  5.21 Mbits/sec  11.984 ms  0/45 (0%)  
[  5]  14.00-14.10  sec  0.00 Bytes  0.00 bits/sec  11.984 ms  0/0 (0%)  
[  5]  14.10-14.20  sec  33.9 KBytes  2.78 Mbits/sec  11.781 ms  0/24 (0%)  
[  5]  14.20-14.30  sec  2.83 KBytes   232 Kbits/sec  17.099 ms  0/2 (0%)  
[  5]  14.30-14.40  sec  2.83 KBytes   232 Kbits/sec  15.313 ms  0/2 (0%)  
[  5]  14.40-14.50  sec  0.00 Bytes  0.00 bits/sec  15.313 ms  0/0 (0%)  
[  5]  14.50-14.60  sec  0.00 Bytes  0.00 bits/sec  15.313 ms  0/0 (0%)  
[  5]  14.60-14.70  sec  1.41 KBytes   116 Kbits/sec  33.132 ms  1/2 (50%)  
[  5]  14.70-14.80  sec  0.00 Bytes  0.00 bits/sec  33.132 ms  0/0 (0%)  
[  5]  14.80-14.90  sec  0.00 Bytes  0.00 bits/sec  33.132 ms  0/0 (0%)  
[  5]  14.90-15.00  sec  0.00 Bytes  0.00 bits/sec  33.132 ms  0/0 (0%)  
[  5]  15.00-15.10  sec  35.4 KBytes  2.90 Mbits/sec  17.903 ms  0/25 (0%)  
[  5]  15.10-15.20  sec  24.0 KBytes  1.97 Mbits/sec  11.451 ms  0/17 (0%)  
[  5]  15.20-15.30  sec  4.24 KBytes   347 Kbits/sec  12.861 ms  0/3 (0%)  
[  5]  15.30-15.40  sec  15.6 KBytes  1.27 Mbits/sec  13.218 ms  0/11 (0%)  
[  5]  15.40-15.50  sec  9.90 KBytes   811 Kbits/sec  9.891 ms  0/7 (0%)  
[  5]  15.50-15.60  sec  4.24 KBytes   348 Kbits/sec  18.444 ms  0/3 (0%)  
[  5]  15.60-15.70  sec  0.00 Bytes  0.00 bits/sec  18.444 ms  0/0 (0%)  
[  5]  15.70-15.80  sec  0.00 Bytes  0.00 bits/sec  18.444 ms  0/0 (0%)  
[  5]  15.80-15.90  sec  49.5 KBytes  4.06 Mbits/sec  16.302 ms  0/35 (0%)  
[  5]  15.90-16.00  sec  42.4 KBytes  3.48 Mbits/sec  17.303 ms  0/30 (0%)  
[  5]  16.00-16.10  sec  7.07 KBytes   579 Kbits/sec  17.622 ms  0/5 (0%)  
[  5]  16.10-16.20  sec  0.00 Bytes  0.00 bits/sec  17.622 ms  0/0 (0%)  
[  5]  16.20-16.30  sec  2.83 KBytes   232 Kbits/sec  18.680 ms  0/2 (0%)  
[  5]  16.30-16.40  sec  8.48 KBytes   695 Kbits/sec  26.663 ms  0/6 (0%)  
[  5]  16.40-16.50  sec  35.4 KBytes  2.90 Mbits/sec  8.190 ms  0/25 (0%)  
[  5]  16.50-16.60  sec  4.24 KBytes   347 Kbits/sec  10.849 ms  0/3 (0%)  
[  5]  16.60-16.70  sec  2.83 KBytes   232 Kbits/sec  15.702 ms  0/2 (0%)  
[  5]  16.70-16.80  sec  9.90 KBytes   811 Kbits/sec  12.437 ms  0/7 (0%)  
[  5]  16.80-16.90  sec  12.7 KBytes  1.04 Mbits/sec  11.626 ms  0/9 (0%)  
[  5]  16.90-17.00  sec  12.7 KBytes  1.04 Mbits/sec  10.162 ms  0/9 (0%)  
[  5]  17.00-17.10  sec  4.24 KBytes   348 Kbits/sec  15.491 ms  0/3 (0%)  
[  5]  17.10-17.20  sec  0.00 Bytes  0.00 bits/sec  15.491 ms  0/0 (0%)  
[  5]  17.20-17.30  sec  4.24 KBytes   348 Kbits/sec  23.965 ms  0/3 (0%)  
[  5]  17.30-17.40  sec  8.48 KBytes   695 Kbits/sec  24.690 ms  0/6 (0%)  
[  5]  17.40-17.50  sec  42.4 KBytes  3.48 Mbits/sec  12.349 ms  0/30 (0%)  
[  5]  17.50-17.60  sec  0.00 Bytes  0.00 bits/sec  12.349 ms  0/0 (0%)  
[  5]  17.60-17.70  sec  4.24 KBytes   348 Kbits/sec  23.347 ms  0/3 (0%)  
[  5]  17.70-17.80  sec  4.24 KBytes   348 Kbits/sec  24.395 ms  0/3 (0%)  
[  5]  17.80-17.90  sec  63.6 KBytes  5.21 Mbits/sec  22.284 ms  0/45 (0%)  
[  5]  17.90-18.00  sec  35.4 KBytes  2.90 Mbits/sec  7.598 ms  0/25 (0%)  
[  5]  18.00-18.10  sec  67.9 KBytes  5.56 Mbits/sec  3.015 ms  0/48 (0%)  
[  5]  18.10-18.20  sec   129 KBytes  10.5 Mbits/sec  2.996 ms  0/91 (0%)  
[  5]  18.20-18.30  sec  46.7 KBytes  3.82 Mbits/sec  1.819 ms  0/33 (0%)  
[  5]  18.30-18.40  sec   115 KBytes  9.39 Mbits/sec  4.084 ms  0/81 (0%)  
[  5]  18.40-18.50  sec  1.41 KBytes   116 Kbits/sec  3.845 ms  0/1 (0%)  
[  5]  18.50-18.60  sec  39.6 KBytes  3.25 Mbits/sec  4.306 ms  0/28 (0%)  
[  5]  18.60-18.70  sec  17.0 KBytes  1.39 Mbits/sec  4.832 ms  0/12 (0%)  
[  5]  18.70-18.80  sec  2.83 KBytes   232 Kbits/sec  9.139 ms  0/2 (0%)  
[  5]  18.80-18.90  sec  1.41 KBytes   116 Kbits/sec  10.417 ms  0/1 (0%)  
[  5]  18.90-19.00  sec  72.1 KBytes  5.91 Mbits/sec  5.967 ms  0/51 (0%)  
[  5]  19.00-19.10  sec  41.0 KBytes  3.36 Mbits/sec  11.671 ms  0/29 (0%)  
[  5]  19.10-19.20  sec  25.5 KBytes  2.09 Mbits/sec  10.930 ms  0/18 (0%)  
[  5]  19.20-19.30  sec  25.5 KBytes  2.08 Mbits/sec  5.628 ms  0/18 (0%)  
[  5]  19.30-19.40  sec  4.24 KBytes   348 Kbits/sec  10.830 ms  0/3 (0%)  
[  5]  19.40-19.50  sec  4.24 KBytes   348 Kbits/sec  14.898 ms  0/3 (0%)  
[  5]  19.50-19.60  sec  45.2 KBytes  3.71 Mbits/sec  6.674 ms  0/32 (0%)  
[  5]  19.60-19.70  sec  14.1 KBytes  1.16 Mbits/sec  4.843 ms  0/10 (0%)  
[  5]  19.70-19.80  sec   170 KBytes  13.9 Mbits/sec  3.624 ms  0/120 (0%)  
[  5]  19.80-19.90  sec  36.8 KBytes  3.01 Mbits/sec  2.893 ms  0/26 (0%)  
[  5]  19.90-20.00  sec  58.0 KBytes  4.75 Mbits/sec  2.928 ms  0/41 (0%)  
[  5]  20.00-20.10  sec  43.8 KBytes  3.59 Mbits/sec  7.928 ms  0/31 (0%)  
[  5]  20.10-20.18  sec  48.1 KBytes  4.74 Mbits/sec  8.903 ms  0/34 (0%)  
- - - - - - - - - - - - - - - - - - - - - - - - -
[ ID] Interval           Transfer     Bandwidth       Jitter    Lost/Total Datagrams
[  5]   0.00-20.18  sec  0.00 Bytes  0.00 bits/sec  8.903 ms  4/4556 (0.088%)  

